#
# There is insufficient memory for the Java Runtime Environment to continue.
# Native memory allocation (mmap) failed to map 65536 bytes for Failed to commit metaspace.
# Possible reasons:
#   The system is out of physical RAM or swap space
#   The process is running with CompressedOops enabled, and the Java Heap may be blocking the growth of the native heap
# Possible solutions:
#   Reduce memory load on the system
#   Increase physical memory or swap space
#   Check if swap backing store is full
#   Decrease Java heap size (-Xmx/-Xms)
#   Decrease number of Java threads
#   Decrease Java thread stack sizes (-Xss)
#   Set larger code cache with -XX:ReservedCodeCacheSize=
#   JVM is running with Unscaled Compressed Oops mode in which the Java heap is
#     placed in the first 4GB address space. The Java Heap base address is the
#     maximum limit for the native heap growth. Please use -XX:HeapBaseMinAddress
#     to set the Java Heap base and to place the Java Heap above 4GB virtual address.
# This output file may be truncated or incomplete.
#
#  Out of Memory Error (virtualSpaceNode.cpp:112), pid=7508, tid=6416
#
# JRE version: Java(TM) SE Runtime Environment (21.0+35) (build 21+35-LTS-2513)
# Java VM: Java HotSpot(TM) 64-Bit Server VM (21+35-LTS-2513, mixed mode, sharing, tiered, compressed oops, compressed class ptrs, g1 gc, windows-amd64)
# No core dump will be written. Minidumps are not enabled by default on client versions of Windows
#

---------------  S U M M A R Y ------------

Command Line: -Dnet.bytebuddy.agent.attacher.dump= net.bytebuddy.agent.Attacher com.sun.tools.attach.VirtualMachine 4672 C:\Users\agues\.m2\repository\net\bytebuddy\byte-buddy-agent\1.14.4\byte-buddy-agent-1.14.4.jar false 

Host: Intel(R) Core(TM) i5-10300H CPU @ 2.50GHz, 8 cores, 7G,  Windows 11 , 64 bit Build 22621 (10.0.22621.2506)
Time: Wed Dec 13 10:39:02 2023 Maroc (heure d64 bit Build 22621 (10.0.22621.2506) elapsed time: 0.169002 seconds (0d 0h 0m 0s)

---------------  T H R E A D  ---------------

Current thread (0x000001fe6e25cf90):  JavaThread "main"             [_thread_in_vm, id=6416, stack(0x000000765a700000,0x000000765a800000) (1024K)]

Stack: [0x000000765a700000,0x000000765a800000]
Native frames: (J=compiled Java code, j=interpreted, Vv=VM code, C=native code)
V  [jvm.dll+0x6c8d39]
V  [jvm.dll+0x854091]
V  [jvm.dll+0x85630e]
V  [jvm.dll+0x8569e3]
V  [jvm.dll+0x2809a6]
V  [jvm.dll+0x84fdce]
V  [jvm.dll+0x66c755]
V  [jvm.dll+0x66c7ba]
V  [jvm.dll+0x66efb6]
V  [jvm.dll+0x66ee82]
V  [jvm.dll+0x66d12e]
V  [jvm.dll+0x67e099]
V  [jvm.dll+0x67753e]
V  [jvm.dll+0x3d3d11]
C  0x000001fe0753bbe2

The last pc belongs to method entry point (kind = zerolocals) (printed below).
Java frames: (J=compiled Java code, j=interpreted, Vv=VM code)
j  java.util.TimSort.binarySort([Ljava/lang/Object;IIILjava/util/Comparator;)V+0 java.base@21
j  java.util.TimSort.sort([Ljava/lang/Object;IILjava/util/Comparator;[Ljava/lang/Object;II)V+73 java.base@21
j  java.util.Arrays.sort([Ljava/lang/Object;Ljava/util/Comparator;)V+33 java.base@21
j  jdk.internal.jimage.ImageBufferCache.releaseBuffer(Ljava/nio/ByteBuffer;)V+63 java.base@21
j  jdk.internal.jimage.BasicImageReader.getResource(Ljdk/internal/jimage/ImageLocation;)[B+17 java.base@21
j  jdk.internal.jimage.ImageReader.getResource(Ljdk/internal/jimage/ImageLocation;)[B+9 java.base@21
j  sun.net.www.protocol.jrt.JavaRuntimeURLConnection$1.getInputStream()Ljava/io/InputStream;+7 java.base@21
j  sun.net.www.protocol.jrt.JavaRuntimeURLConnection.getInputStream()Ljava/io/InputStream;+8 java.base@21
j  java.net.URL.openStream()Ljava/io/InputStream;+4 java.base@21
j  sun.jvmstat.perfdata.monitor.AliasFileParser.parse(Ljava/util/Map;)V+20 jdk.internal.jvmstat@21
j  sun.jvmstat.perfdata.monitor.PerfDataBufferImpl.buildAliasMap()V+107 jdk.internal.jvmstat@21
j  sun.jvmstat.perfdata.monitor.PerfDataBufferImpl.findByName(Ljava/lang/String;)Lsun/jvmstat/monitor/Monitor;+27 jdk.internal.jvmstat@21
j  sun.jvmstat.perfdata.monitor.AbstractPerfDataBuffer.findByName(Ljava/lang/String;)Lsun/jvmstat/monitor/Monitor;+5 jdk.internal.jvmstat@21
j  sun.jvmstat.perfdata.monitor.AbstractMonitoredVm.findByName(Ljava/lang/String;)Lsun/jvmstat/monitor/Monitor;+5 jdk.internal.jvmstat@21
j  sun.jvmstat.monitor.MonitoredVmUtil.isAttachable(Lsun/jvmstat/monitor/MonitoredVm;)Z+3 jdk.internal.jvmstat@21
j  sun.tools.attach.HotSpotAttachProvider.testAttachable(Ljava/lang/String;)V+25 jdk.attach@21
j  sun.tools.attach.AttachProviderImpl.attachVirtualMachine(Ljava/lang/String;)Lcom/sun/tools/attach/VirtualMachine;+6 jdk.attach@21
j  com.sun.tools.attach.VirtualMachine.attach(Ljava/lang/String;)Lcom/sun/tools/attach/VirtualMachine;+69 jdk.attach@21
j  java.lang.invoke.DirectMethodHandle$Holder.invokeStatic(Ljava/lang/Object;Ljava/lang/Object;)Ljava/lang/Object;+10 java.base@21
j  java.lang.invoke.LambdaForm$MH+0x000001fe10002800.invoke(Ljava/lang/Object;Ljava/lang/Object;Ljava/lang/Object;)Ljava/lang/Object;+33 java.base@21
j  java.lang.invoke.Invokers$Holder.invokeExact_MT(Ljava/lang/Object;Ljava/lang/Object;Ljava/lang/Object;Ljava/lang/Object;)Ljava/lang/Object;+20 java.base@21
j  jdk.internal.reflect.DirectMethodHandleAccessor.invokeImpl(Ljava/lang/Object;[Ljava/lang/Object;)Ljava/lang/Object;+55 java.base@21
j  jdk.internal.reflect.DirectMethodHandleAccessor.invoke(Ljava/lang/Object;[Ljava/lang/Object;)Ljava/lang/Object;+23 java.base@21
j  java.lang.reflect.Method.invoke(Ljava/lang/Object;[Ljava/lang/Object;)Ljava/lang/Object;+102 java.base@21
j  net.bytebuddy.agent.Attacher.install(Ljava/lang/Class;Ljava/lang/String;Ljava/lang/String;ZLjava/lang/String;)V+24
j  net.bytebuddy.agent.Attacher.main([Ljava/lang/String;)V+86
v  ~StubRoutines::call_stub 0x000001fe0753100d
method entry point (kind = zerolocals)  [0x000001fe0753ba00, 0x000001fe0753bdb8]  952 bytes
[MachCode]
  0x000001fe0753ba00: 488b 5308 | 0fb7 4a2e | 0fb7 522c | 2bd1 81fa | f501 0000 | 0f86 2500 | 0000 488b | c248 c1e0 
  0x000001fe0753ba20: 0348 83c0 | 5849 0387 | d004 0000 | 483b e00f | 870a 0000 | 0058 498b | e550 e941 | acff ff58 
  0x000001fe0753ba40: 4c8d 74cc | f885 d20f | 8e09 0000 | 0068 0000 | 0000 ffca | 7ff7 5055 | 488b ec41 | 5568 0000 
  0x000001fe0753ba60: 0000 4c8b | 6b08 4d8d | 6d38 5348 | 8b53 0848 | 8b52 0848 | 8b52 1848 | 8b52 7048 | 8b12 5248 
  0x000001fe0753ba80: 8b53 1048 | 85d2 0f84 | 0700 0000 | 4881 c208 | 0100 0052 | 488b 5308 | 488b 5208 | 488b 5210 
  0x000001fe0753baa0: 5249 8bc6 | 482b c548 | c1e8 0350 | 4155 6800 | 0000 0048 | 8924 2441 | c687 7904 | 0000 0148 
  0x000001fe0753bac0: 8b45 d848 | 85c0 0f84 | 8300 0000 | 8b48 fc85 | c90f 8878 | 0000 0048 | 03c1 488b | 4808 4883 
  0x000001fe0753bae0: e902 488b | 54c8 1048 | f7da 498b | 14d6 4885 | d275 0848 | 834c c818 | 01eb 4e8b | 5208 49ba 
  0x000001fe0753bb00: 0000 000f | fe01 0000 | 4903 d248 | 3354 c818 | 48f7 c2fc | ffff ff74 | 30f6 c202 | 752b 4883 
  0x000001fe0753bb20: 7cc8 1800 | 741e 4883 | 7cc8 1801 | 7416 4833 | 54c8 1848 | f7c2 fcff | ffff 740d | 4883 4cc8 
  0x000001fe0753bb40: 1802 eb05 | 4889 54c8 | 1848 83e9 | 0279 9348 | 8b43 1048 | 85c0 7420 | 8b88 cc00 | 0000 83c1 
  0x000001fe0753bb60: 0289 88cc | 0000 0023 | 88e0 0000 | 000f 8496 | 0100 00e9 | cf00 0000 | 488b 4318 | 4885 c00f 
  0x000001fe0753bb80: 85b0 0000 | 00e8 0500 | 0000 e999 | 0000 0048 | 8bd3 488d | 4424 084c | 896d c049 | 8bcf c5f8 
  0x000001fe0753bba0: 7749 89af | a803 0000 | 4989 8798 | 0300 0048 | 83ec 2040 | f6c4 0f0f | 8419 0000 | 0048 83ec 
  0x000001fe0753bbc0: 0848 b8f0 | 3ccb 25fc | 7f00 00ff | d048 83c4 | 08e9 0c00 | 0000 48b8 | f03c cb25 | fc7f 0000 
  0x000001fe0753bbe0: ffd0 4883 | c420 49c7 | 8798 0300 | 0000 0000 | 0049 c787 | a803 0000 | 0000 0000 | 49c7 87a0 
  0x000001fe0753bc00: 0300 0000 | 0000 00c5 | f877 4983 | 7f08 000f | 8405 0000 | 00e9 e652 | ffff 4c8b | 6dc0 4c8b 
  0x000001fe0753bc20: 75c8 4e8d | 74f5 00c3 | 488b 4318 | 4885 c00f | 8412 0000 | 008b 4808 | 83c1 0289 | 4808 2348 
  0x000001fe0753bc40: 1c0f 84c2 | 0000 0049 | 3ba7 e804 | 0000 0f87 | 4800 0000 | 8984 2400 | f0ff ff89 | 8424 00e0 
  0x000001fe0753bc60: ffff 8984 | 2400 d0ff | ff89 8424 | 00c0 ffff | 8984 2400 | b0ff ff89 | 8424 00a0 | ffff 8984 
  0x000001fe0753bc80: 2400 90ff | ff89 8424 | 0080 ffff | 493b a7e0 | 0400 0076 | 0749 89a7 | e804 0000 | 41c6 8779 
  0x000001fe0753bca0: 0400 0000 | 49ba 1905 | 5026 fc7f | 0000 4180 | 3a00 0f84 | 3e00 0000 | 488b 55e8 | 498b cf48 
  0x000001fe0753bcc0: 83ec 2040 | f6c4 0f0f | 8419 0000 | 0048 83ec | 0848 b880 | e800 26fc | 7f00 00ff | d048 83c4 
  0x000001fe0753bce0: 08e9 0c00 | 0000 48b8 | 80e8 0026 | fc7f 0000 | ffd0 4883 | c420 410f | b65d 0049 | bac0 c652 
  0x000001fe0753bd00: 26fc 7f00 | 0041 ff24 | daba 0000 | 0000 e805 | 0000 00e9 | 9600 0000 | 488d 4424 | 084c 896d 
  0x000001fe0753bd20: c049 8bcf | c5f8 7749 | 89af a803 | 0000 4989 | 8798 0300 | 0048 83ec | 2040 f6c4 | 0f0f 8419 
  0x000001fe0753bd40: 0000 0048 | 83ec 0848 | b870 47cb | 25fc 7f00 | 00ff d048 | 83c4 08e9 | 0c00 0000 | 48b8 7047 
  0x000001fe0753bd60: cb25 fc7f | 0000 ffd0 | 4883 c420 | 49c7 8798 | 0300 0000 | 0000 0049 | c787 a803 | 0000 0000 
  0x000001fe0753bd80: 0000 49c7 | 87a0 0300 | 0000 0000 | 00c5 f877 | 4983 7f08 | 000f 8405 | 0000 00e9 | 6051 ffff 
  0x000001fe0753bda0: 4c8b 6dc0 | 4c8b 75c8 | 4e8d 74f5 | 00c3 488b | 5de8 e990 | feff ff90 
[/MachCode]

---------------  P R O C E S S  ---------------

Threads class SMR info:
_java_thread_list=0x000001fe7e030990, length=11, elements={
0x000001fe6e25cf90, 0x000001fe7dd83490, 0x000001fe7dd8c010, 0x000001fe7dd8e700,
0x000001fe7dd91170, 0x000001fe7dd91bd0, 0x000001fe7dd92760, 0x000001fe7dda2b50,
0x000001fe7ddc6a20, 0x000001fe7e02cdd0, 0x000001fe7e031100
}

Java Threads: ( => current thread )
=>0x000001fe6e25cf90 JavaThread "main"                              [_thread_in_vm, id=6416, stack(0x000000765a700000,0x000000765a800000) (1024K)]
  0x000001fe7dd83490 JavaThread "Reference Handler"          daemon [_thread_blocked, id=14908, stack(0x000000765af00000,0x000000765b000000) (1024K)]
  0x000001fe7dd8c010 JavaThread "Finalizer"                  daemon [_thread_blocked, id=2712, stack(0x000000765b000000,0x000000765b100000) (1024K)]
  0x000001fe7dd8e700 JavaThread "Signal Dispatcher"          daemon [_thread_blocked, id=14224, stack(0x000000765b100000,0x000000765b200000) (1024K)]
  0x000001fe7dd91170 JavaThread "Attach Listener"            daemon [_thread_blocked, id=11944, stack(0x000000765b200000,0x000000765b300000) (1024K)]
  0x000001fe7dd91bd0 JavaThread "Service Thread"             daemon [_thread_blocked, id=7092, stack(0x000000765b300000,0x000000765b400000) (1024K)]
  0x000001fe7dd92760 JavaThread "Monitor Deflation Thread"   daemon [_thread_blocked, id=3336, stack(0x000000765b400000,0x000000765b500000) (1024K)]
  0x000001fe7dda2b50 JavaThread "C2 CompilerThread0"         daemon [_thread_blocked, id=5904, stack(0x000000765b500000,0x000000765b600000) (1024K)]
  0x000001fe7ddc6a20 JavaThread "C1 CompilerThread0"         daemon [_thread_blocked, id=896, stack(0x000000765b600000,0x000000765b700000) (1024K)]
  0x000001fe7e02cdd0 JavaThread "Notification Thread"        daemon [_thread_blocked, id=17276, stack(0x000000765b700000,0x000000765b800000) (1024K)]
  0x000001fe7e031100 JavaThread "Common-Cleaner"             daemon [_thread_blocked, id=13064, stack(0x000000765b800000,0x000000765b900000) (1024K)]
Total: 11

Other Threads:
  0x000001fe7dd67980 VMThread "VM Thread"                           [id=13968, stack(0x000000765ae00000,0x000000765af00000) (1024K)]
  0x000001fe7dd4d730 WatcherThread "VM Periodic Task Thread"        [id=4364, stack(0x000000765ad00000,0x000000765ae00000) (1024K)]
  0x000001fe704e6e80 WorkerThread "GC Thread#0"                     [id=2512, stack(0x000000765a800000,0x000000765a900000) (1024K)]
  0x000001fe704f79e0 ConcurrentGCThread "G1 Main Marker"            [id=13788, stack(0x000000765a900000,0x000000765aa00000) (1024K)]
  0x000001fe704f8b90 WorkerThread "G1 Conc#0"                       [id=5632, stack(0x000000765aa00000,0x000000765ab00000) (1024K)]
  0x000001fe7dc234e0 ConcurrentGCThread "G1 Refine#0"               [id=15588, stack(0x000000765ab00000,0x000000765ac00000) (1024K)]
  0x000001fe705594d0 ConcurrentGCThread "G1 Service"                [id=16052, stack(0x000000765ac00000,0x000000765ad00000) (1024K)]
Total: 7

Threads with active compile tasks:
Total: 0

VM state: not at safepoint (normal execution)

VM Mutex/Monitor currently owned by a thread:  ([mutex/lock_event])
[0x00007ffc265164c8] Metaspace_lock - owner thread: 0x000001fe6e25cf90

Heap address: 0x0000000082a00000, size: 2006 MB, Compressed Oops mode: 32-bit

CDS archive(s) mapped at: [0x000001fe0f000000-0x000001fe0fc90000-0x000001fe0fc90000), size 13172736, SharedBaseAddress: 0x000001fe0f000000, ArchiveRelocationMode: 1.
Compressed class space mapped at: 0x000001fe10000000-0x000001fe50000000, reserved size: 1073741824
Narrow klass base: 0x000001fe0f000000, Narrow klass shift: 0, Narrow klass range: 0x100000000

GC Precious Log:
 CardTable entry size: 512
 Card Set container configuration: InlinePtr #cards 5 size 8 Array Of Cards #cards 12 size 40 Howl #buckets 4 coarsen threshold 1843 Howl Bitmap #cards 512 size 80 coarsen threshold 460 Card regions per heap region 1 cards per card region 2048
 CPUs: 8 total, 8 available
 Memory: 8023M
 Large Page Support: Disabled
 NUMA Support: Disabled
 Compressed Oops: Enabled (32-bit)
 Heap Region Size: 1M
 Heap Min Capacity: 8M
 Heap Initial Capacity: 126M
 Heap Max Capacity: 2006M
 Pre-touch: Disabled
 Parallel Workers: 8
 Concurrent Workers: 2
 Concurrent Refinement Workers: 8
 Periodic GC: Disabled

Heap:
 garbage-first heap   total 129024K, used 2048K [0x0000000082a00000, 0x0000000100000000)
  region size 1024K, 3 young (3072K), 0 survivors (0K)
 Metaspace       used 821K, committed 960K, reserved 1114112K
  class space    used 84K, committed 192K, reserved 1048576K

Heap Regions: E=young(eden), S=young(survivor), O=old, HS=humongous(starts), HC=humongous(continues), CS=collection set, F=free, TAMS=top-at-mark-start, PB=parsable bottom
|   0|0x0000000082a00000, 0x0000000082a00000, 0x0000000082b00000|  0%| F|  |TAMS 0x0000000082a00000| PB 0x0000000082a00000| Untracked 
|   1|0x0000000082b00000, 0x0000000082b00000, 0x0000000082c00000|  0%| F|  |TAMS 0x0000000082b00000| PB 0x0000000082b00000| Untracked 
|   2|0x0000000082c00000, 0x0000000082c00000, 0x0000000082d00000|  0%| F|  |TAMS 0x0000000082c00000| PB 0x0000000082c00000| Untracked 
|   3|0x0000000082d00000, 0x0000000082d00000, 0x0000000082e00000|  0%| F|  |TAMS 0x0000000082d00000| PB 0x0000000082d00000| Untracked 
|   4|0x0000000082e00000, 0x0000000082e00000, 0x0000000082f00000|  0%| F|  |TAMS 0x0000000082e00000| PB 0x0000000082e00000| Untracked 
|   5|0x0000000082f00000, 0x0000000082f00000, 0x0000000083000000|  0%| F|  |TAMS 0x0000000082f00000| PB 0x0000000082f00000| Untracked 
|   6|0x0000000083000000, 0x0000000083000000, 0x0000000083100000|  0%| F|  |TAMS 0x0000000083000000| PB 0x0000000083000000| Untracked 
|   7|0x0000000083100000, 0x0000000083100000, 0x0000000083200000|  0%| F|  |TAMS 0x0000000083100000| PB 0x0000000083100000| Untracked 
|   8|0x0000000083200000, 0x0000000083200000, 0x0000000083300000|  0%| F|  |TAMS 0x0000000083200000| PB 0x0000000083200000| Untracked 
|   9|0x0000000083300000, 0x0000000083300000, 0x0000000083400000|  0%| F|  |TAMS 0x0000000083300000| PB 0x0000000083300000| Untracked 
|  10|0x0000000083400000, 0x0000000083400000, 0x0000000083500000|  0%| F|  |TAMS 0x0000000083400000| PB 0x0000000083400000| Untracked 
|  11|0x0000000083500000, 0x0000000083500000, 0x0000000083600000|  0%| F|  |TAMS 0x0000000083500000| PB 0x0000000083500000| Untracked 
|  12|0x0000000083600000, 0x0000000083600000, 0x0000000083700000|  0%| F|  |TAMS 0x0000000083600000| PB 0x0000000083600000| Untracked 
|  13|0x0000000083700000, 0x0000000083700000, 0x0000000083800000|  0%| F|  |TAMS 0x0000000083700000| PB 0x0000000083700000| Untracked 
|  14|0x0000000083800000, 0x0000000083800000, 0x0000000083900000|  0%| F|  |TAMS 0x0000000083800000| PB 0x0000000083800000| Untracked 
|  15|0x0000000083900000, 0x0000000083900000, 0x0000000083a00000|  0%| F|  |TAMS 0x0000000083900000| PB 0x0000000083900000| Untracked 
|  16|0x0000000083a00000, 0x0000000083a00000, 0x0000000083b00000|  0%| F|  |TAMS 0x0000000083a00000| PB 0x0000000083a00000| Untracked 
|  17|0x0000000083b00000, 0x0000000083b00000, 0x0000000083c00000|  0%| F|  |TAMS 0x0000000083b00000| PB 0x0000000083b00000| Untracked 
|  18|0x0000000083c00000, 0x0000000083c00000, 0x0000000083d00000|  0%| F|  |TAMS 0x0000000083c00000| PB 0x0000000083c00000| Untracked 
|  19|0x0000000083d00000, 0x0000000083d00000, 0x0000000083e00000|  0%| F|  |TAMS 0x0000000083d00000| PB 0x0000000083d00000| Untracked 
|  20|0x0000000083e00000, 0x0000000083e00000, 0x0000000083f00000|  0%| F|  |TAMS 0x0000000083e00000| PB 0x0000000083e00000| Untracked 
|  21|0x0000000083f00000, 0x0000000083f00000, 0x0000000084000000|  0%| F|  |TAMS 0x0000000083f00000| PB 0x0000000083f00000| Untracked 
|  22|0x0000000084000000, 0x0000000084000000, 0x0000000084100000|  0%| F|  |TAMS 0x0000000084000000| PB 0x0000000084000000| Untracked 
|  23|0x0000000084100000, 0x0000000084100000, 0x0000000084200000|  0%| F|  |TAMS 0x0000000084100000| PB 0x0000000084100000| Untracked 
|  24|0x0000000084200000, 0x0000000084200000, 0x0000000084300000|  0%| F|  |TAMS 0x0000000084200000| PB 0x0000000084200000| Untracked 
|  25|0x0000000084300000, 0x0000000084300000, 0x0000000084400000|  0%| F|  |TAMS 0x0000000084300000| PB 0x0000000084300000| Untracked 
|  26|0x0000000084400000, 0x0000000084400000, 0x0000000084500000|  0%| F|  |TAMS 0x0000000084400000| PB 0x0000000084400000| Untracked 
|  27|0x0000000084500000, 0x0000000084500000, 0x0000000084600000|  0%| F|  |TAMS 0x0000000084500000| PB 0x0000000084500000| Untracked 
|  28|0x0000000084600000, 0x0000000084600000, 0x0000000084700000|  0%| F|  |TAMS 0x0000000084600000| PB 0x0000000084600000| Untracked 
|  29|0x0000000084700000, 0x0000000084700000, 0x0000000084800000|  0%| F|  |TAMS 0x0000000084700000| PB 0x0000000084700000| Untracked 
|  30|0x0000000084800000, 0x0000000084800000, 0x0000000084900000|  0%| F|  |TAMS 0x0000000084800000| PB 0x0000000084800000| Untracked 
|  31|0x0000000084900000, 0x0000000084900000, 0x0000000084a00000|  0%| F|  |TAMS 0x0000000084900000| PB 0x0000000084900000| Untracked 
|  32|0x0000000084a00000, 0x0000000084a00000, 0x0000000084b00000|  0%| F|  |TAMS 0x0000000084a00000| PB 0x0000000084a00000| Untracked 
|  33|0x0000000084b00000, 0x0000000084b00000, 0x0000000084c00000|  0%| F|  |TAMS 0x0000000084b00000| PB 0x0000000084b00000| Untracked 
|  34|0x0000000084c00000, 0x0000000084c00000, 0x0000000084d00000|  0%| F|  |TAMS 0x0000000084c00000| PB 0x0000000084c00000| Untracked 
|  35|0x0000000084d00000, 0x0000000084d00000, 0x0000000084e00000|  0%| F|  |TAMS 0x0000000084d00000| PB 0x0000000084d00000| Untracked 
|  36|0x0000000084e00000, 0x0000000084e00000, 0x0000000084f00000|  0%| F|  |TAMS 0x0000000084e00000| PB 0x0000000084e00000| Untracked 
|  37|0x0000000084f00000, 0x0000000084f00000, 0x0000000085000000|  0%| F|  |TAMS 0x0000000084f00000| PB 0x0000000084f00000| Untracked 
|  38|0x0000000085000000, 0x0000000085000000, 0x0000000085100000|  0%| F|  |TAMS 0x0000000085000000| PB 0x0000000085000000| Untracked 
|  39|0x0000000085100000, 0x0000000085100000, 0x0000000085200000|  0%| F|  |TAMS 0x0000000085100000| PB 0x0000000085100000| Untracked 
|  40|0x0000000085200000, 0x0000000085200000, 0x0000000085300000|  0%| F|  |TAMS 0x0000000085200000| PB 0x0000000085200000| Untracked 
|  41|0x0000000085300000, 0x0000000085300000, 0x0000000085400000|  0%| F|  |TAMS 0x0000000085300000| PB 0x0000000085300000| Untracked 
|  42|0x0000000085400000, 0x0000000085400000, 0x0000000085500000|  0%| F|  |TAMS 0x0000000085400000| PB 0x0000000085400000| Untracked 
|  43|0x0000000085500000, 0x0000000085500000, 0x0000000085600000|  0%| F|  |TAMS 0x0000000085500000| PB 0x0000000085500000| Untracked 
|  44|0x0000000085600000, 0x0000000085600000, 0x0000000085700000|  0%| F|  |TAMS 0x0000000085600000| PB 0x0000000085600000| Untracked 
|  45|0x0000000085700000, 0x0000000085700000, 0x0000000085800000|  0%| F|  |TAMS 0x0000000085700000| PB 0x0000000085700000| Untracked 
|  46|0x0000000085800000, 0x0000000085800000, 0x0000000085900000|  0%| F|  |TAMS 0x0000000085800000| PB 0x0000000085800000| Untracked 
|  47|0x0000000085900000, 0x0000000085900000, 0x0000000085a00000|  0%| F|  |TAMS 0x0000000085900000| PB 0x0000000085900000| Untracked 
|  48|0x0000000085a00000, 0x0000000085a00000, 0x0000000085b00000|  0%| F|  |TAMS 0x0000000085a00000| PB 0x0000000085a00000| Untracked 
|  49|0x0000000085b00000, 0x0000000085b00000, 0x0000000085c00000|  0%| F|  |TAMS 0x0000000085b00000| PB 0x0000000085b00000| Untracked 
|  50|0x0000000085c00000, 0x0000000085c00000, 0x0000000085d00000|  0%| F|  |TAMS 0x0000000085c00000| PB 0x0000000085c00000| Untracked 
|  51|0x0000000085d00000, 0x0000000085d00000, 0x0000000085e00000|  0%| F|  |TAMS 0x0000000085d00000| PB 0x0000000085d00000| Untracked 
|  52|0x0000000085e00000, 0x0000000085e00000, 0x0000000085f00000|  0%| F|  |TAMS 0x0000000085e00000| PB 0x0000000085e00000| Untracked 
|  53|0x0000000085f00000, 0x0000000085f00000, 0x0000000086000000|  0%| F|  |TAMS 0x0000000085f00000| PB 0x0000000085f00000| Untracked 
|  54|0x0000000086000000, 0x0000000086000000, 0x0000000086100000|  0%| F|  |TAMS 0x0000000086000000| PB 0x0000000086000000| Untracked 
|  55|0x0000000086100000, 0x0000000086100000, 0x0000000086200000|  0%| F|  |TAMS 0x0000000086100000| PB 0x0000000086100000| Untracked 
|  56|0x0000000086200000, 0x0000000086200000, 0x0000000086300000|  0%| F|  |TAMS 0x0000000086200000| PB 0x0000000086200000| Untracked 
|  57|0x0000000086300000, 0x0000000086300000, 0x0000000086400000|  0%| F|  |TAMS 0x0000000086300000| PB 0x0000000086300000| Untracked 
|  58|0x0000000086400000, 0x0000000086400000, 0x0000000086500000|  0%| F|  |TAMS 0x0000000086400000| PB 0x0000000086400000| Untracked 
|  59|0x0000000086500000, 0x0000000086500000, 0x0000000086600000|  0%| F|  |TAMS 0x0000000086500000| PB 0x0000000086500000| Untracked 
|  60|0x0000000086600000, 0x0000000086600000, 0x0000000086700000|  0%| F|  |TAMS 0x0000000086600000| PB 0x0000000086600000| Untracked 
|  61|0x0000000086700000, 0x0000000086700000, 0x0000000086800000|  0%| F|  |TAMS 0x0000000086700000| PB 0x0000000086700000| Untracked 
|  62|0x0000000086800000, 0x0000000086800000, 0x0000000086900000|  0%| F|  |TAMS 0x0000000086800000| PB 0x0000000086800000| Untracked 
|  63|0x0000000086900000, 0x0000000086900000, 0x0000000086a00000|  0%| F|  |TAMS 0x0000000086900000| PB 0x0000000086900000| Untracked 
|  64|0x0000000086a00000, 0x0000000086a00000, 0x0000000086b00000|  0%| F|  |TAMS 0x0000000086a00000| PB 0x0000000086a00000| Untracked 
|  65|0x0000000086b00000, 0x0000000086b00000, 0x0000000086c00000|  0%| F|  |TAMS 0x0000000086b00000| PB 0x0000000086b00000| Untracked 
|  66|0x0000000086c00000, 0x0000000086c00000, 0x0000000086d00000|  0%| F|  |TAMS 0x0000000086c00000| PB 0x0000000086c00000| Untracked 
|  67|0x0000000086d00000, 0x0000000086d00000, 0x0000000086e00000|  0%| F|  |TAMS 0x0000000086d00000| PB 0x0000000086d00000| Untracked 
|  68|0x0000000086e00000, 0x0000000086e00000, 0x0000000086f00000|  0%| F|  |TAMS 0x0000000086e00000| PB 0x0000000086e00000| Untracked 
|  69|0x0000000086f00000, 0x0000000086f00000, 0x0000000087000000|  0%| F|  |TAMS 0x0000000086f00000| PB 0x0000000086f00000| Untracked 
|  70|0x0000000087000000, 0x0000000087000000, 0x0000000087100000|  0%| F|  |TAMS 0x0000000087000000| PB 0x0000000087000000| Untracked 
|  71|0x0000000087100000, 0x0000000087100000, 0x0000000087200000|  0%| F|  |TAMS 0x0000000087100000| PB 0x0000000087100000| Untracked 
|  72|0x0000000087200000, 0x0000000087200000, 0x0000000087300000|  0%| F|  |TAMS 0x0000000087200000| PB 0x0000000087200000| Untracked 
|  73|0x0000000087300000, 0x0000000087300000, 0x0000000087400000|  0%| F|  |TAMS 0x0000000087300000| PB 0x0000000087300000| Untracked 
|  74|0x0000000087400000, 0x0000000087400000, 0x0000000087500000|  0%| F|  |TAMS 0x0000000087400000| PB 0x0000000087400000| Untracked 
|  75|0x0000000087500000, 0x0000000087500000, 0x0000000087600000|  0%| F|  |TAMS 0x0000000087500000| PB 0x0000000087500000| Untracked 
|  76|0x0000000087600000, 0x0000000087600000, 0x0000000087700000|  0%| F|  |TAMS 0x0000000087600000| PB 0x0000000087600000| Untracked 
|  77|0x0000000087700000, 0x0000000087700000, 0x0000000087800000|  0%| F|  |TAMS 0x0000000087700000| PB 0x0000000087700000| Untracked 
|  78|0x0000000087800000, 0x0000000087800000, 0x0000000087900000|  0%| F|  |TAMS 0x0000000087800000| PB 0x0000000087800000| Untracked 
|  79|0x0000000087900000, 0x0000000087900000, 0x0000000087a00000|  0%| F|  |TAMS 0x0000000087900000| PB 0x0000000087900000| Untracked 
|  80|0x0000000087a00000, 0x0000000087a00000, 0x0000000087b00000|  0%| F|  |TAMS 0x0000000087a00000| PB 0x0000000087a00000| Untracked 
|  81|0x0000000087b00000, 0x0000000087b00000, 0x0000000087c00000|  0%| F|  |TAMS 0x0000000087b00000| PB 0x0000000087b00000| Untracked 
|  82|0x0000000087c00000, 0x0000000087c00000, 0x0000000087d00000|  0%| F|  |TAMS 0x0000000087c00000| PB 0x0000000087c00000| Untracked 
|  83|0x0000000087d00000, 0x0000000087d00000, 0x0000000087e00000|  0%| F|  |TAMS 0x0000000087d00000| PB 0x0000000087d00000| Untracked 
|  84|0x0000000087e00000, 0x0000000087e00000, 0x0000000087f00000|  0%| F|  |TAMS 0x0000000087e00000| PB 0x0000000087e00000| Untracked 
|  85|0x0000000087f00000, 0x0000000087f00000, 0x0000000088000000|  0%| F|  |TAMS 0x0000000087f00000| PB 0x0000000087f00000| Untracked 
|  86|0x0000000088000000, 0x0000000088000000, 0x0000000088100000|  0%| F|  |TAMS 0x0000000088000000| PB 0x0000000088000000| Untracked 
|  87|0x0000000088100000, 0x0000000088100000, 0x0000000088200000|  0%| F|  |TAMS 0x0000000088100000| PB 0x0000000088100000| Untracked 
|  88|0x0000000088200000, 0x0000000088200000, 0x0000000088300000|  0%| F|  |TAMS 0x0000000088200000| PB 0x0000000088200000| Untracked 
|  89|0x0000000088300000, 0x0000000088300000, 0x0000000088400000|  0%| F|  |TAMS 0x0000000088300000| PB 0x0000000088300000| Untracked 
|  90|0x0000000088400000, 0x0000000088400000, 0x0000000088500000|  0%| F|  |TAMS 0x0000000088400000| PB 0x0000000088400000| Untracked 
|  91|0x0000000088500000, 0x0000000088500000, 0x0000000088600000|  0%| F|  |TAMS 0x0000000088500000| PB 0x0000000088500000| Untracked 
|  92|0x0000000088600000, 0x0000000088600000, 0x0000000088700000|  0%| F|  |TAMS 0x0000000088600000| PB 0x0000000088600000| Untracked 
|  93|0x0000000088700000, 0x0000000088700000, 0x0000000088800000|  0%| F|  |TAMS 0x0000000088700000| PB 0x0000000088700000| Untracked 
|  94|0x0000000088800000, 0x0000000088800000, 0x0000000088900000|  0%| F|  |TAMS 0x0000000088800000| PB 0x0000000088800000| Untracked 
|  95|0x0000000088900000, 0x0000000088900000, 0x0000000088a00000|  0%| F|  |TAMS 0x0000000088900000| PB 0x0000000088900000| Untracked 
|  96|0x0000000088a00000, 0x0000000088a00000, 0x0000000088b00000|  0%| F|  |TAMS 0x0000000088a00000| PB 0x0000000088a00000| Untracked 
|  97|0x0000000088b00000, 0x0000000088b00000, 0x0000000088c00000|  0%| F|  |TAMS 0x0000000088b00000| PB 0x0000000088b00000| Untracked 
|  98|0x0000000088c00000, 0x0000000088c00000, 0x0000000088d00000|  0%| F|  |TAMS 0x0000000088c00000| PB 0x0000000088c00000| Untracked 
|  99|0x0000000088d00000, 0x0000000088d00000, 0x0000000088e00000|  0%| F|  |TAMS 0x0000000088d00000| PB 0x0000000088d00000| Untracked 
| 100|0x0000000088e00000, 0x0000000088e00000, 0x0000000088f00000|  0%| F|  |TAMS 0x0000000088e00000| PB 0x0000000088e00000| Untracked 
| 101|0x0000000088f00000, 0x0000000088f00000, 0x0000000089000000|  0%| F|  |TAMS 0x0000000088f00000| PB 0x0000000088f00000| Untracked 
| 102|0x0000000089000000, 0x0000000089000000, 0x0000000089100000|  0%| F|  |TAMS 0x0000000089000000| PB 0x0000000089000000| Untracked 
| 103|0x0000000089100000, 0x0000000089100000, 0x0000000089200000|  0%| F|  |TAMS 0x0000000089100000| PB 0x0000000089100000| Untracked 
| 104|0x0000000089200000, 0x0000000089200000, 0x0000000089300000|  0%| F|  |TAMS 0x0000000089200000| PB 0x0000000089200000| Untracked 
| 105|0x0000000089300000, 0x0000000089300000, 0x0000000089400000|  0%| F|  |TAMS 0x0000000089300000| PB 0x0000000089300000| Untracked 
| 106|0x0000000089400000, 0x0000000089400000, 0x0000000089500000|  0%| F|  |TAMS 0x0000000089400000| PB 0x0000000089400000| Untracked 
| 107|0x0000000089500000, 0x0000000089500000, 0x0000000089600000|  0%| F|  |TAMS 0x0000000089500000| PB 0x0000000089500000| Untracked 
| 108|0x0000000089600000, 0x0000000089600000, 0x0000000089700000|  0%| F|  |TAMS 0x0000000089600000| PB 0x0000000089600000| Untracked 
| 109|0x0000000089700000, 0x0000000089700000, 0x0000000089800000|  0%| F|  |TAMS 0x0000000089700000| PB 0x0000000089700000| Untracked 
| 110|0x0000000089800000, 0x0000000089800000, 0x0000000089900000|  0%| F|  |TAMS 0x0000000089800000| PB 0x0000000089800000| Untracked 
| 111|0x0000000089900000, 0x0000000089900000, 0x0000000089a00000|  0%| F|  |TAMS 0x0000000089900000| PB 0x0000000089900000| Untracked 
| 112|0x0000000089a00000, 0x0000000089a00000, 0x0000000089b00000|  0%| F|  |TAMS 0x0000000089a00000| PB 0x0000000089a00000| Untracked 
| 113|0x0000000089b00000, 0x0000000089b00000, 0x0000000089c00000|  0%| F|  |TAMS 0x0000000089b00000| PB 0x0000000089b00000| Untracked 
| 114|0x0000000089c00000, 0x0000000089c00000, 0x0000000089d00000|  0%| F|  |TAMS 0x0000000089c00000| PB 0x0000000089c00000| Untracked 
| 115|0x0000000089d00000, 0x0000000089d00000, 0x0000000089e00000|  0%| F|  |TAMS 0x0000000089d00000| PB 0x0000000089d00000| Untracked 
| 116|0x0000000089e00000, 0x0000000089e00000, 0x0000000089f00000|  0%| F|  |TAMS 0x0000000089e00000| PB 0x0000000089e00000| Untracked 
| 117|0x0000000089f00000, 0x0000000089f00000, 0x000000008a000000|  0%| F|  |TAMS 0x0000000089f00000| PB 0x0000000089f00000| Untracked 
| 118|0x000000008a000000, 0x000000008a000000, 0x000000008a100000|  0%| F|  |TAMS 0x000000008a000000| PB 0x000000008a000000| Untracked 
| 119|0x000000008a100000, 0x000000008a100000, 0x000000008a200000|  0%| F|  |TAMS 0x000000008a100000| PB 0x000000008a100000| Untracked 
| 120|0x000000008a200000, 0x000000008a200000, 0x000000008a300000|  0%| F|  |TAMS 0x000000008a200000| PB 0x000000008a200000| Untracked 
| 121|0x000000008a300000, 0x000000008a300000, 0x000000008a400000|  0%| F|  |TAMS 0x000000008a300000| PB 0x000000008a300000| Untracked 
| 122|0x000000008a400000, 0x000000008a400000, 0x000000008a500000|  0%| F|  |TAMS 0x000000008a400000| PB 0x000000008a400000| Untracked 
| 123|0x000000008a500000, 0x000000008a5f3e10, 0x000000008a600000| 95%| E|  |TAMS 0x000000008a500000| PB 0x000000008a500000| Complete 
| 124|0x000000008a600000, 0x000000008a700000, 0x000000008a700000|100%| E|CS|TAMS 0x000000008a600000| PB 0x000000008a600000| Complete 
| 125|0x000000008a700000, 0x000000008a800000, 0x000000008a800000|100%| E|CS|TAMS 0x000000008a700000| PB 0x000000008a700000| Complete 

Card table byte_map: [0x000001fe79010000,0x000001fe79400000] _byte_map_base: 0x000001fe78bfb000

Marking Bits: (CMBitMap*) 0x000001fe704e7490
 Bits: [0x000001fe79400000, 0x000001fe7b358000)

Polling page: 0x000001fe6fc60000

Metaspace:

Usage:
  Non-class:    737.61 KB used.
      Class:     84.07 KB used.
       Both:    821.68 KB used.

Virtual space:
  Non-class space:       64.00 MB reserved,     768.00 KB (  1%) committed,  1 nodes.
      Class space:        1.00 GB reserved,     192.00 KB ( <1%) committed,  1 nodes.
             Both:        1.06 GB reserved,     960.00 KB ( <1%) committed. 

Chunk freelists:
   Non-Class:  11.75 MB
       Class:  15.68 MB
        Both:  27.43 MB

MaxMetaspaceSize: unlimited
CompressedClassSpaceSize: 1.00 GB
Initial GC threshold: 21.00 MB
Current GC threshold: 21.00 MB
CDS: on
 - commit_granule_bytes: 65536.
 - commit_granule_words: 8192.
 - virtual_space_node_default_size: 8388608.
 - enlarge_chunks_in_place: 1.
 - use_allocation_guard: 0.


Internal statistics:

num_allocs_failed_limit: 0.
num_arena_births: 54.
num_arena_deaths: 0.
num_vsnodes_births: 2.
num_vsnodes_deaths: 0.
num_space_committed: 15.
num_space_uncommitted: 0.
num_chunks_returned_to_freelist: 0.
num_chunks_taken_from_freelist: 75.
num_chunk_merges: 0.
num_chunk_splits: 48.
num_chunks_enlarged: 28.
num_inconsistent_stats: 0.

CodeHeap 'non-profiled nmethods': size=120000Kb used=92Kb max_used=92Kb free=119907Kb
 bounds [0x000001fe07ad0000, 0x000001fe07d40000, 0x000001fe0f000000]
CodeHeap 'profiled nmethods': size=120000Kb used=370Kb max_used=370Kb free=119629Kb
 bounds [0x000001fe00000000, 0x000001fe00270000, 0x000001fe07530000]
CodeHeap 'non-nmethods': size=5760Kb used=1288Kb max_used=1300Kb free=4471Kb
 bounds [0x000001fe07530000, 0x000001fe077a0000, 0x000001fe07ad0000]
 total_blobs=701 nmethods=296 adapters=310
 compilation: enabled
              stopped_count=0, restarted_count=0
 full_count=0

Compilation events (20 events):
Event: 0.162 Thread 0x000001fe7ddc6a20 nmethod 287 0x000001fe0005a110 code [0x000001fe0005a2c0, 0x000001fe0005a528]
Event: 0.162 Thread 0x000001fe7dda2b50 nmethod 292 0x000001fe07ae6810 code [0x000001fe07ae69a0, 0x000001fe07ae6a90]
Event: 0.162 Thread 0x000001fe7ddc6a20  288       3       jdk.internal.misc.Unsafe::convEndian (16 bytes)
Event: 0.162 Thread 0x000001fe7ddc6a20 nmethod 288 0x000001fe0005a610 code [0x000001fe0005a7c0, 0x000001fe0005a988]
Event: 0.162 Thread 0x000001fe7ddc6a20  284       3       java.util.TreeMap::setColor (10 bytes)
Event: 0.162 Thread 0x000001fe7ddc6a20 nmethod 284 0x000001fe0005aa90 code [0x000001fe0005ac20, 0x000001fe0005ad50]
Event: 0.162 Thread 0x000001fe7ddc6a20  290       3       java.nio.ByteBuffer::position (8 bytes)
Event: 0.162 Thread 0x000001fe7ddc6a20 nmethod 290 0x000001fe0005ae10 code [0x000001fe0005afc0, 0x000001fe0005b110]
Event: 0.162 Thread 0x000001fe7ddc6a20  291       3       java.nio.MappedByteBuffer::position (8 bytes)
Event: 0.162 Thread 0x000001fe7ddc6a20 nmethod 291 0x000001fe0005b190 code [0x000001fe0005b340, 0x000001fe0005b4f8]
Event: 0.162 Thread 0x000001fe7ddc6a20  293       3       java.nio.MappedByteBuffer::position (6 bytes)
Event: 0.163 Thread 0x000001fe7ddc6a20 nmethod 293 0x000001fe0005b610 code [0x000001fe0005b7c0, 0x000001fe0005b9d0]
Event: 0.163 Thread 0x000001fe7ddc6a20  289       1       sun.jvmstat.monitor.AbstractMonitor::getName (5 bytes)
Event: 0.163 Thread 0x000001fe7ddc6a20 nmethod 289 0x000001fe07ae6b90 code [0x000001fe07ae6d20, 0x000001fe07ae6de8]
Event: 0.163 Thread 0x000001fe7ddc6a20  294       1       java.net.URL::getProtocol (5 bytes)
Event: 0.163 Thread 0x000001fe7ddc6a20 nmethod 294 0x000001fe07ae6e90 code [0x000001fe07ae7020, 0x000001fe07ae70e8]
Event: 0.165 Thread 0x000001fe7ddc6a20  295       3       java.util.Arrays::equals (57 bytes)
Event: 0.166 Thread 0x000001fe7ddc6a20 nmethod 295 0x000001fe0005bb10 code [0x000001fe0005bd00, 0x000001fe0005c2d0]
Event: 0.166 Thread 0x000001fe7ddc6a20  296       3       java.lang.ref.Reference::<init> (25 bytes)
Event: 0.167 Thread 0x000001fe7ddc6a20 nmethod 296 0x000001fe0005c490 code [0x000001fe0005c640, 0x000001fe0005c8c0]

GC Heap History (0 events):
No events

Dll operation events (8 events):
Event: 0.012 Loaded shared library C:\Program Files\Java\jdk-21\bin\java.dll
Event: 0.051 Loaded shared library C:\Program Files\Java\jdk-21\bin\jsvml.dll
Event: 0.075 Loaded shared library C:\Program Files\Java\jdk-21\bin\net.dll
Event: 0.077 Loaded shared library C:\Program Files\Java\jdk-21\bin\nio.dll
Event: 0.081 Loaded shared library C:\Program Files\Java\jdk-21\bin\zip.dll
Event: 0.084 Loaded shared library C:\Program Files\Java\jdk-21\bin\verify.dll
Event: 0.086 Loaded shared library C:\Program Files\Java\jdk-21\bin\jimage.dll
Event: 0.105 Loaded shared library C:\Program Files\Java\jdk-21\bin\attach.dll

Deoptimization events (0 events):
No events

Classes loaded (20 events):
Event: 0.163 Loading class java/io/BufferedReader
Event: 0.163 Loading class java/io/BufferedReader done
Event: 0.163 Loading class sun/net/www/protocol/jrt/JavaRuntimeURLConnection
Event: 0.164 Loading class sun/net/www/URLConnection
Event: 0.164 Loading class java/net/URLConnection
Event: 0.164 Loading class java/net/URLConnection done
Event: 0.164 Loading class sun/net/www/URLConnection done
Event: 0.164 Loading class sun/net/www/protocol/jrt/JavaRuntimeURLConnection done
Event: 0.165 Loading class sun/net/www/MessageHeader
Event: 0.166 Loading class sun/net/www/MessageHeader done
Event: 0.166 Loading class sun/net/www/protocol/jrt/JavaRuntimeURLConnection$1
Event: 0.166 Loading class sun/net/www/protocol/jrt/JavaRuntimeURLConnection$1 done
Event: 0.166 Loading class jdk/internal/jimage/ImageBufferCache
Event: 0.166 Loading class jdk/internal/jimage/ImageBufferCache done
Event: 0.166 Loading class jdk/internal/jimage/ImageBufferCache$1
Event: 0.166 Loading class jdk/internal/jimage/ImageBufferCache$1 done
Event: 0.166 Loading class jdk/internal/jimage/ImageBufferCache$2
Event: 0.166 Loading class jdk/internal/jimage/ImageBufferCache$2 done
Event: 0.166 Loading class java/util/AbstractMap$SimpleEntry
Event: 0.166 Loading class java/util/AbstractMap$SimpleEntry done

Classes unloaded (0 events):
No events

Classes redefined (0 events):
No events

Internal exceptions (4 events):
Event: 0.142 Thread 0x000001fe6e25cf90 Exception <a 'java/lang/NoSuchMethodError'{0x000000008a5322f0}: 'java.lang.Object java.lang.invoke.DirectMethodHandle$Holder.newInvokeSpecial(java.lang.Object, java.lang.Object, int)'> (0x000000008a5322f0) 
thrown [s\open\src\hotspot\share\interpreter\linkResolver.cpp, line 773]
Event: 0.144 Thread 0x000001fe6e25cf90 Exception <a 'java/lang/NoSuchMethodError'{0x000000008a536c38}: 'int java.lang.invoke.DirectMethodHandle$Holder.invokeSpecial(java.lang.Object, java.lang.Object, java.lang.Object, int)'> (0x000000008a536c38) 
thrown [s\open\src\hotspot\share\interpreter\linkResolver.cpp, line 773]
Event: 0.148 Thread 0x000001fe6e25cf90 Exception <a 'java/lang/NoSuchMethodError'{0x000000008a549318}: 'java.lang.Object java.lang.invoke.DirectMethodHandle$Holder.invokeStatic(java.lang.Object, java.lang.Object, java.lang.Object, java.lang.Object, int)'> (0x000000008a549318) 
thrown [s\open\src\hotspot\share\interpreter\linkResolver.cpp, line 773]
Event: 0.150 Thread 0x000001fe6e25cf90 Exception <a 'java/lang/NoSuchMethodError'{0x000000008a554ff8}: 'int java.lang.invoke.DirectMethodHandle$Holder.invokeSpecial(java.lang.Object, java.lang.Object, java.lang.Object)'> (0x000000008a554ff8) 
thrown [s\open\src\hotspot\share\interpreter\linkResolver.cpp, line 773]

ZGC Phase Switch (0 events):
No events

VM Operations (2 events):
Event: 0.081 Executing VM operation: HandshakeAllThreads (Deoptimize)
Event: 0.081 Executing VM operation: HandshakeAllThreads (Deoptimize) done

Events (11 events):
Event: 0.032 Thread 0x000001fe6e25cf90 Thread added: 0x000001fe6e25cf90
Event: 0.048 Thread 0x000001fe7dd83490 Thread added: 0x000001fe7dd83490
Event: 0.048 Thread 0x000001fe7dd8c010 Thread added: 0x000001fe7dd8c010
Event: 0.048 Thread 0x000001fe7dd8e700 Thread added: 0x000001fe7dd8e700
Event: 0.048 Thread 0x000001fe7dd91170 Thread added: 0x000001fe7dd91170
Event: 0.048 Thread 0x000001fe7dd91bd0 Thread added: 0x000001fe7dd91bd0
Event: 0.048 Thread 0x000001fe7dd92760 Thread added: 0x000001fe7dd92760
Event: 0.048 Thread 0x000001fe7dda2b50 Thread added: 0x000001fe7dda2b50
Event: 0.049 Thread 0x000001fe7ddc6a20 Thread added: 0x000001fe7ddc6a20
Event: 0.070 Thread 0x000001fe7e02cdd0 Thread added: 0x000001fe7e02cdd0
Event: 0.072 Thread 0x000001fe7e031100 Thread added: 0x000001fe7e031100


Dynamic libraries:
0x00007ff7c0c60000 - 0x00007ff7c0c70000 	C:\Program Files\Java\jdk-21\bin\java.exe
0x00007ffcbdff0000 - 0x00007ffcbe207000 	C:\WINDOWS\SYSTEM32\ntdll.dll
0x00007ffcbc870000 - 0x00007ffcbc934000 	C:\WINDOWS\System32\KERNEL32.DLL
0x00007ffcbb5f0000 - 0x00007ffcbb995000 	C:\WINDOWS\System32\KERNELBASE.dll
0x00007ffcbb9a0000 - 0x00007ffcbbab1000 	C:\WINDOWS\System32\ucrtbase.dll
0x00007ffc8e7f0000 - 0x00007ffc8e80b000 	C:\Program Files\Java\jdk-21\bin\VCRUNTIME140.dll
0x00007ffc96920000 - 0x00007ffc96939000 	C:\Program Files\Java\jdk-21\bin\jli.dll
0x00007ffcbdb20000 - 0x00007ffcbdbd1000 	C:\WINDOWS\System32\ADVAPI32.dll
0x00007ffcbc0d0000 - 0x00007ffcbc177000 	C:\WINDOWS\System32\msvcrt.dll
0x00007ffcbc420000 - 0x00007ffcbc4c6000 	C:\WINDOWS\System32\sechost.dll
0x00007ffcbc750000 - 0x00007ffcbc867000 	C:\WINDOWS\System32\RPCRT4.dll
0x00007ffcbde00000 - 0x00007ffcbdfae000 	C:\WINDOWS\System32\USER32.dll
0x00007ffca4010000 - 0x00007ffca42a3000 	C:\WINDOWS\WinSxS\amd64_microsoft.windows.common-controls_6595b64144ccf1df_6.0.22621.2506_none_270c5ae97388e100\COMCTL32.dll
0x00007ffcbbac0000 - 0x00007ffcbbae6000 	C:\WINDOWS\System32\win32u.dll
0x00007ffcbbe20000 - 0x00007ffcbbe49000 	C:\WINDOWS\System32\GDI32.dll
0x00007ffcbb360000 - 0x00007ffcbb479000 	C:\WINDOWS\System32\gdi32full.dll
0x00007ffcbbb70000 - 0x00007ffcbbc0a000 	C:\WINDOWS\System32\msvcp_win.dll
0x00007ffcb3300000 - 0x00007ffcb330a000 	C:\WINDOWS\SYSTEM32\VERSION.dll
0x00007ffcbc950000 - 0x00007ffcbc981000 	C:\WINDOWS\System32\IMM32.DLL
0x00007ffc96910000 - 0x00007ffc9691c000 	C:\Program Files\Java\jdk-21\bin\vcruntime140_1.dll
0x00007ffc6fb40000 - 0x00007ffc6fbce000 	C:\Program Files\Java\jdk-21\bin\msvcp140.dll
0x00007ffc258e0000 - 0x00007ffc265f3000 	C:\Program Files\Java\jdk-21\bin\server\jvm.dll
0x00007ffcbc000000 - 0x00007ffcbc071000 	C:\WINDOWS\System32\WS2_32.dll
0x00007ffcba510000 - 0x00007ffcba55d000 	C:\WINDOWS\SYSTEM32\POWRPROF.dll
0x00007ffcb3db0000 - 0x00007ffcb3de4000 	C:\WINDOWS\SYSTEM32\WINMM.dll
0x00007ffcba4f0000 - 0x00007ffcba503000 	C:\WINDOWS\SYSTEM32\UMPDC.dll
0x00007ffcba320000 - 0x00007ffcba338000 	C:\WINDOWS\SYSTEM32\kernel.appcore.dll
0x00007ffc92930000 - 0x00007ffc9293a000 	C:\Program Files\Java\jdk-21\bin\jimage.dll
0x00007ffcb8420000 - 0x00007ffcb8653000 	C:\WINDOWS\SYSTEM32\DBGHELP.DLL
0x00007ffcbd1f0000 - 0x00007ffcbd579000 	C:\WINDOWS\System32\combase.dll
0x00007ffcbc4d0000 - 0x00007ffcbc5a7000 	C:\WINDOWS\System32\OLEAUT32.dll
0x00007ffc99900000 - 0x00007ffc99932000 	C:\WINDOWS\SYSTEM32\dbgcore.DLL
0x00007ffcbbaf0000 - 0x00007ffcbbb6a000 	C:\WINDOWS\System32\bcryptPrimitives.dll
0x00007ffc8e7d0000 - 0x00007ffc8e7ef000 	C:\Program Files\Java\jdk-21\bin\java.dll
0x00007ffcbc990000 - 0x00007ffcbd1e9000 	C:\WINDOWS\System32\SHELL32.dll
0x00007ffcb9230000 - 0x00007ffcb9b24000 	C:\WINDOWS\SYSTEM32\windows.storage.dll
0x00007ffcb90f0000 - 0x00007ffcb922e000 	C:\WINDOWS\SYSTEM32\wintypes.dll
0x00007ffcbd5a0000 - 0x00007ffcbd693000 	C:\WINDOWS\System32\SHCORE.dll
0x00007ffcbbe50000 - 0x00007ffcbbeae000 	C:\WINDOWS\System32\shlwapi.dll
0x00007ffcbb290000 - 0x00007ffcbb2b6000 	C:\WINDOWS\SYSTEM32\profapi.dll
0x00007ffc6dcd0000 - 0x00007ffc6dda7000 	C:\Program Files\Java\jdk-21\bin\jsvml.dll
0x00007ffc928c0000 - 0x00007ffc928d0000 	C:\Program Files\Java\jdk-21\bin\net.dll
0x00007ffcb53f0000 - 0x00007ffcb5527000 	C:\WINDOWS\SYSTEM32\WINHTTP.dll
0x00007ffcba880000 - 0x00007ffcba8e9000 	C:\WINDOWS\system32\mswsock.dll
0x00007ffc7f650000 - 0x00007ffc7f666000 	C:\Program Files\Java\jdk-21\bin\nio.dll
0x00007ffc7e850000 - 0x00007ffc7e868000 	C:\Program Files\Java\jdk-21\bin\zip.dll
0x00007ffc8c240000 - 0x00007ffc8c250000 	C:\Program Files\Java\jdk-21\bin\verify.dll
0x00007ffcb8740000 - 0x00007ffcb8749000 	C:\Program Files\Java\jdk-21\bin\attach.dll
0x00007ffcbc940000 - 0x00007ffcbc948000 	C:\WINDOWS\System32\PSAPI.DLL

dbghelp: loaded successfully - version: 4.0.5 - missing functions: none
symbol engine: initialized successfully - sym options: 0x614 - pdb path: .;C:\Program Files\Java\jdk-21\bin;C:\WINDOWS\SYSTEM32;C:\WINDOWS\WinSxS\amd64_microsoft.windows.common-controls_6595b64144ccf1df_6.0.22621.2506_none_270c5ae97388e100;C:\Program Files\Java\jdk-21\bin\server

VM Arguments:
jvm_args: -Dnet.bytebuddy.agent.attacher.dump= 
java_command: net.bytebuddy.agent.Attacher com.sun.tools.attach.VirtualMachine 4672 C:\Users\agues\.m2\repository\net\bytebuddy\byte-buddy-agent\1.14.4\byte-buddy-agent-1.14.4.jar false 
java_class_path (initial): C:\Users\agues\.m2\repository\net\bytebuddy\byte-buddy-agent\1.14.4\byte-buddy-agent-1.14.4.jar
Launcher Type: SUN_STANDARD

[Global flags]
     intx CICompilerCount                          = 4                                         {product} {ergonomic}
     uint ConcGCThreads                            = 2                                         {product} {ergonomic}
     uint G1ConcRefinementThreads                  = 8                                         {product} {ergonomic}
   size_t G1HeapRegionSize                         = 1048576                                   {product} {ergonomic}
    uintx GCDrainStackTargetSize                   = 64                                        {product} {ergonomic}
   size_t InitialHeapSize                          = 132120576                                 {product} {ergonomic}
   size_t MarkStackSize                            = 4194304                                   {product} {ergonomic}
   size_t MaxHeapSize                              = 2103443456                                {product} {ergonomic}
   size_t MaxNewSize                               = 1261436928                                {product} {ergonomic}
   size_t MinHeapDeltaBytes                        = 1048576                                   {product} {ergonomic}
   size_t MinHeapSize                              = 8388608                                   {product} {ergonomic}
    uintx NonNMethodCodeHeapSize                   = 5839372                                {pd product} {ergonomic}
    uintx NonProfiledCodeHeapSize                  = 122909434                              {pd product} {ergonomic}
    uintx ProfiledCodeHeapSize                     = 122909434                              {pd product} {ergonomic}
    uintx ReservedCodeCacheSize                    = 251658240                              {pd product} {ergonomic}
     bool SegmentedCodeCache                       = true                                      {product} {ergonomic}
   size_t SoftMaxHeapSize                          = 2103443456                             {manageable} {ergonomic}
     bool UseCompressedOops                        = true                           {product lp64_product} {ergonomic}
     bool UseG1GC                                  = true                                      {product} {ergonomic}
     bool UseLargePagesIndividualAllocation        = false                                  {pd product} {ergonomic}

Logging:
Log output configuration:
 #0: stdout all=warning uptime,level,tags foldmultilines=false
 #1: stderr all=off uptime,level,tags foldmultilines=false

Environment Variables:
PATH=C:\Program Files (x86)\VMware\VMware Workstation\bin\;C:\Program Files\Common Files\Oracle\Java\javapath;C:\Windows\system32;C:\Windows;C:\Windows\System32\Wbem;C:\Windows\System32\WindowsPowerShell\v1.0\;C:\Windows\System32\OpenSSH\;C:\Program Files\NVIDIA Corporation\NVIDIA NvDLISR;C:\Program Files (x86)\NVIDIA Corporation\PhysX\Common;C:\WINDOWS\system32;C:\WINDOWS;C:\WINDOWS\System32\Wbem;C:\WINDOWS\System32\WindowsPowerShell\v1.0\;C:\WINDOWS\System32\OpenSSH\;C:\Program Files\nodejs\;C:\Program Files\Git\cmd;C:\Users\agues\AppData\Local\Programs\Python\Python312\Scripts\;C:\Users\agues\AppData\Local\Programs\Python\Python312\;C:\Users\agues\AppData\Local\Programs\Python\Launcher\;C:\Users\agues\AppData\Local\Microsoft\WindowsApps;C:\Users\agues\AppData\Local\Programs\Microsoft VS Code\bin;C:\Program Files\JetBrains\IntelliJ IDEA 2023.2.2\bin;;C:\Dev\npm-repository\npm;C:\Users\agues\AppData\Roaming\npm
USERNAME=agues
OS=Windows_NT
PROCESSOR_IDENTIFIER=Intel64 Family 6 Model 165 Stepping 2, GenuineIntel
TMP=C:\Users\agues\AppData\Local\Temp
TEMP=C:\Users\agues\AppData\Local\Temp




---------------  S Y S T E M  ---------------

OS:
 Windows 11 , 64 bit Build 22621 (10.0.22621.2506)
OS uptime: 0 days 12:56 hours
Hyper-V role detected

CPU: total 8 (initial active 8) (4 cores per cpu, 2 threads per core) family 6 model 165 stepping 2 microcode 0xea, cx8, cmov, fxsr, ht, mmx, 3dnowpref, sse, sse2, sse3, ssse3, sse4.1, sse4.2, popcnt, lzcnt, tsc, tscinvbit, avx, avx2, aes, erms, clmul, bmi1, bmi2, adx, fma, vzeroupper, clflush, clflushopt, hv, rdtscp, f16c
Processor Information for all 8 processors :
  Max Mhz: 2496, Current Mhz: 2496, Mhz Limit: 2496

Memory: 4k page, system-wide physical 8023M (1339M free)
TotalPageFile size 12119M (AvailPageFile size 1M)
current process WorkingSet (physical memory assigned to process): 39M, peak: 39M
current process commit charge ("private bytes"): 208M, peak: 208M

vm_info: Java HotSpot(TM) 64-Bit Server VM (21+35-LTS-2513) for windows-amd64 JRE (21+35-LTS-2513), built on 2023-08-09T20:25:10Z by "mach5one" with MS VC++ 17.1 (VS2022)

END.
