#
# There is insufficient memory for the Java Runtime Environment to continue.
# Native memory allocation (mmap) failed to map 65536 bytes for Failed to commit metaspace.
# Possible reasons:
#   The system is out of physical RAM or swap space
#   The process is running with CompressedOops enabled, and the Java Heap may be blocking the growth of the native heap
# Possible solutions:
#   Reduce memory load on the system
#   Increase physical memory or swap space
#   Check if swap backing store is full
#   Decrease Java heap size (-Xmx/-Xms)
#   Decrease number of Java threads
#   Decrease Java thread stack sizes (-Xss)
#   Set larger code cache with -XX:ReservedCodeCacheSize=
#   JVM is running with Unscaled Compressed Oops mode in which the Java heap is
#     placed in the first 4GB address space. The Java Heap base address is the
#     maximum limit for the native heap growth. Please use -XX:HeapBaseMinAddress
#     to set the Java Heap base and to place the Java Heap above 4GB virtual address.
# This output file may be truncated or incomplete.
#
#  Out of Memory Error (virtualSpaceNode.cpp:112), pid=15592, tid=16272
#
# JRE version: Java(TM) SE Runtime Environment (21.0+35) (build 21+35-LTS-2513)
# Java VM: Java HotSpot(TM) 64-Bit Server VM (21+35-LTS-2513, mixed mode, sharing, tiered, compressed oops, compressed class ptrs, g1 gc, windows-amd64)
# No core dump will be written. Minidumps are not enabled by default on client versions of Windows
#

---------------  S U M M A R Y ------------

Command Line: -Dnet.bytebuddy.agent.attacher.dump= net.bytebuddy.agent.Attacher com.sun.tools.attach.VirtualMachine 13212 C:\Users\agues\.m2\repository\net\bytebuddy\byte-buddy-agent\1.14.4\byte-buddy-agent-1.14.4.jar false 

Host: Intel(R) Core(TM) i5-10300H CPU @ 2.50GHz, 8 cores, 7G,  Windows 11 , 64 bit Build 22621 (10.0.22621.2506)
Time: Wed Dec 13 10:38:29 2023 Maroc (heure d64 bit Build 22621 (10.0.22621.2506) elapsed time: 0.204636 seconds (0d 0h 0m 0s)

---------------  T H R E A D  ---------------

Current thread (0x000001dcfae332f0):  JavaThread "main"             [_thread_in_vm, id=16272, stack(0x0000001a47e00000,0x0000001a47f00000) (1024K)]

Stack: [0x0000001a47e00000,0x0000001a47f00000]
Native frames: (J=compiled Java code, j=interpreted, Vv=VM code, C=native code)
V  [jvm.dll+0x6c8d39]
V  [jvm.dll+0x854091]
V  [jvm.dll+0x85630e]
V  [jvm.dll+0x8569e3]
V  [jvm.dll+0x2809a6]
V  [jvm.dll+0x84fdce]
V  [jvm.dll+0x66c755]
V  [jvm.dll+0x1e666c]
V  [jvm.dll+0x1e643e]
V  [jvm.dll+0x66f06c]
V  [jvm.dll+0x66ee82]
V  [jvm.dll+0x66d12e]
V  [jvm.dll+0x3bda5f]
V  [jvm.dll+0x20f98b]
V  [jvm.dll+0x5ac4b6]
V  [jvm.dll+0x7cd4ad]
V  [jvm.dll+0x47026a]
V  [jvm.dll+0x483686]
C  [java.dll+0x1657]

Java frames: (J=compiled Java code, j=interpreted, Vv=VM code)
j  java.lang.ClassLoader.defineClass0(Ljava/lang/ClassLoader;Ljava/lang/Class;Ljava/lang/String;[BIILjava/security/ProtectionDomain;ZILjava/lang/Object;)Ljava/lang/Class;+0 java.base@21
j  java.lang.System$2.defineClass(Ljava/lang/ClassLoader;Ljava/lang/Class;Ljava/lang/String;[BLjava/security/ProtectionDomain;ZILjava/lang/Object;)Ljava/lang/Class;+17 java.base@21
j  java.lang.invoke.MethodHandles$Lookup$ClassDefiner.defineClass(ZLjava/lang/Object;)Ljava/lang/Class;+57 java.base@21
j  java.lang.invoke.InvokerBytecodeGenerator.loadMethod([B)Ljava/lang/invoke/MemberName;+22 java.base@21
j  java.lang.invoke.InvokerBytecodeGenerator.generateCustomizedCode(Ljava/lang/invoke/LambdaForm;Ljava/lang/invoke/MethodType;)Ljava/lang/invoke/MemberName;+30 java.base@21
j  java.lang.invoke.LambdaForm.compileToBytecode()V+69 java.base@21
j  java.lang.invoke.DirectMethodHandle.makePreparedLambdaForm(Ljava/lang/invoke/MethodType;I)Ljava/lang/invoke/LambdaForm;+750 java.base@21
j  java.lang.invoke.DirectMethodHandle.preparedLambdaForm(Ljava/lang/invoke/MethodType;I)Ljava/lang/invoke/LambdaForm;+17 java.base@21
j  java.lang.invoke.DirectMethodHandle.preparedLambdaForm(Ljava/lang/invoke/MemberName;Z)Ljava/lang/invoke/LambdaForm;+159 java.base@21
j  java.lang.invoke.DirectMethodHandle.preparedLambdaForm(Ljava/lang/invoke/MemberName;)Ljava/lang/invoke/LambdaForm;+2 java.base@21
j  java.lang.invoke.DirectMethodHandle.make(BLjava/lang/Class;Ljava/lang/invoke/MemberName;Ljava/lang/Class;)Ljava/lang/invoke/DirectMethodHandle;+163 java.base@21
j  java.lang.invoke.MethodHandles$Lookup.getDirectMethodCommon(BLjava/lang/Class;Ljava/lang/invoke/MemberName;ZZLjava/lang/invoke/MethodHandles$Lookup;)Ljava/lang/invoke/MethodHandle;+220 java.base@21
j  java.lang.invoke.MethodHandles$Lookup.getDirectMethod(BLjava/lang/Class;Ljava/lang/invoke/MemberName;Ljava/lang/invoke/MethodHandles$Lookup;)Ljava/lang/invoke/MethodHandle;+14 java.base@21
j  java.lang.invoke.MethodHandles$Lookup.findStatic(Ljava/lang/Class;Ljava/lang/String;Ljava/lang/invoke/MethodType;)Ljava/lang/invoke/MethodHandle;+23 java.base@21
j  java.lang.invoke.ClassSpecializer$Factory.findFactory(Ljava/lang/Class;Ljava/util/List;)Ljava/lang/invoke/MethodHandle;+30 java.base@21
j  java.lang.invoke.ClassSpecializer$Factory.findFactories(Ljava/lang/Class;Ljava/util/List;)Ljava/util/List;+10 java.base@21
j  java.lang.invoke.ClassSpecializer$Factory.linkSpeciesDataToCode(Ljava/lang/invoke/ClassSpecializer$SpeciesData;Ljava/lang/Class;)V+24 java.base@21
j  java.lang.invoke.ClassSpecializer$Factory.loadSpecies(Ljava/lang/invoke/ClassSpecializer$SpeciesData;)Ljava/lang/invoke/ClassSpecializer$SpeciesData;+111 java.base@21
j  java.lang.invoke.ClassSpecializer.findSpecies(Ljava/lang/Object;)Ljava/lang/invoke/ClassSpecializer$SpeciesData;+53 java.base@21
j  java.lang.invoke.BoundMethodHandle$SpeciesData.extendWith(Ljava/lang/invoke/LambdaForm$BasicType;)Ljava/lang/invoke/BoundMethodHandle$SpeciesData;+48 java.base@21
j  java.lang.invoke.LambdaFormEditor.newSpeciesData(Ljava/lang/invoke/LambdaForm$BasicType;)Ljava/lang/invoke/BoundMethodHandle$SpeciesData;+5 java.base@21
j  java.lang.invoke.LambdaFormEditor.bindArgumentForm(I)Ljava/lang/invoke/LambdaForm;+78 java.base@21
j  java.lang.invoke.LambdaFormEditor.bindArgumentI(Ljava/lang/invoke/BoundMethodHandle;II)Ljava/lang/invoke/BoundMethodHandle;+44 java.base@21
j  java.lang.invoke.BoundMethodHandle.bindArgumentI(II)Ljava/lang/invoke/BoundMethodHandle;+7 java.base@21
j  java.lang.invoke.MethodHandles.insertArgumentPrimitive(Ljava/lang/invoke/BoundMethodHandle;ILjava/lang/Class;Ljava/lang/Object;)Ljava/lang/invoke/BoundMethodHandle;+118 java.base@21
j  java.lang.invoke.MethodHandles.insertArguments(Ljava/lang/invoke/MethodHandle;I[Ljava/lang/Object;)Ljava/lang/invoke/MethodHandle;+62 java.base@21
j  sun.invoke.util.ValueConversions.unbox(Lsun/invoke/util/Wrapper;I)Ljava/lang/invoke/MethodHandle;+165 java.base@21
j  sun.invoke.util.ValueConversions.unboxWiden(Lsun/invoke/util/Wrapper;)Ljava/lang/invoke/MethodHandle;+2 java.base@21
j  java.lang.invoke.MethodHandleImpl.valueConversion(Ljava/lang/Class;Ljava/lang/Class;ZZ)Ljava/lang/Object;+233 java.base@21
j  java.lang.invoke.MethodHandleImpl.computeValueConversions(Ljava/lang/invoke/MethodType;Ljava/lang/invoke/MethodType;ZZ)[Ljava/lang/Object;+108 java.base@21
j  java.lang.invoke.MethodHandleImpl.makePairwiseConvertByEditor(Ljava/lang/invoke/MethodHandle;Ljava/lang/invoke/MethodType;ZZ)Ljava/lang/invoke/MethodHandle;+10 java.base@21
j  java.lang.invoke.MethodHandleImpl.makePairwiseConvert(Ljava/lang/invoke/MethodHandle;Ljava/lang/invoke/MethodType;ZZ)Ljava/lang/invoke/MethodHandle;+18 java.base@21
j  java.lang.invoke.MethodHandleImpl.makePairwiseConvert(Ljava/lang/invoke/MethodHandle;Ljava/lang/invoke/MethodType;Z)Ljava/lang/invoke/MethodHandle;+4 java.base@21
j  java.lang.invoke.MethodHandle.asTypeUncached(Ljava/lang/invoke/MethodType;)Ljava/lang/invoke/MethodHandle;+50 java.base@21
j  java.lang.invoke.MethodHandle.asType(Ljava/lang/invoke/MethodType;)Ljava/lang/invoke/MethodHandle;+25 java.base@21
j  jdk.internal.reflect.MethodHandleAccessorFactory.newConstructorAccessor(Ljava/lang/reflect/Constructor;)Ljdk/internal/reflect/ConstructorAccessorImpl;+64 java.base@21
j  jdk.internal.reflect.ReflectionFactory.newConstructorAccessor(Ljava/lang/reflect/Constructor;)Ljdk/internal/reflect/ConstructorAccessor;+67 java.base@21
j  java.lang.reflect.Constructor.acquireConstructorAccessor()Ljdk/internal/reflect/ConstructorAccessor;+58 java.base@21
j  java.lang.reflect.Constructor.newInstanceWithCaller([Ljava/lang/Object;ZLjava/lang/Class;)Ljava/lang/Object;+33 java.base@21
j  java.lang.reflect.Constructor.newInstance([Ljava/lang/Object;)Ljava/lang/Object;+30 java.base@21
j  sun.jvmstat.perfdata.monitor.AbstractPerfDataBuffer.createPerfDataBuffer(Ljava/nio/ByteBuffer;I)V+71 jdk.internal.jvmstat@21
j  sun.jvmstat.perfdata.monitor.protocol.local.PerfDataBuffer.<init>(Lsun/jvmstat/monitor/VmIdentifier;)V+21 jdk.internal.jvmstat@21
j  sun.jvmstat.perfdata.monitor.protocol.local.LocalMonitoredVm.<init>(Lsun/jvmstat/monitor/VmIdentifier;I)V+12 jdk.internal.jvmstat@21
j  sun.jvmstat.perfdata.monitor.protocol.local.MonitoredHostProvider.getMonitoredVm(Lsun/jvmstat/monitor/VmIdentifier;I)Lsun/jvmstat/monitor/MonitoredVm;+15 jdk.internal.jvmstat@21
j  sun.jvmstat.perfdata.monitor.protocol.local.MonitoredHostProvider.getMonitoredVm(Lsun/jvmstat/monitor/VmIdentifier;)Lsun/jvmstat/monitor/MonitoredVm;+5 jdk.internal.jvmstat@21
j  sun.tools.attach.HotSpotAttachProvider.testAttachable(Ljava/lang/String;)V+20 jdk.attach@21
j  sun.tools.attach.AttachProviderImpl.attachVirtualMachine(Ljava/lang/String;)Lcom/sun/tools/attach/VirtualMachine;+6 jdk.attach@21
j  com.sun.tools.attach.VirtualMachine.attach(Ljava/lang/String;)Lcom/sun/tools/attach/VirtualMachine;+69 jdk.attach@21
j  java.lang.invoke.DirectMethodHandle$Holder.invokeStatic(Ljava/lang/Object;Ljava/lang/Object;)Ljava/lang/Object;+10 java.base@21
j  java.lang.invoke.LambdaForm$MH+0x000001dc99002800.invoke(Ljava/lang/Object;Ljava/lang/Object;Ljava/lang/Object;)Ljava/lang/Object;+33 java.base@21
j  java.lang.invoke.Invokers$Holder.invokeExact_MT(Ljava/lang/Object;Ljava/lang/Object;Ljava/lang/Object;Ljava/lang/Object;)Ljava/lang/Object;+20 java.base@21
j  jdk.internal.reflect.DirectMethodHandleAccessor.invokeImpl(Ljava/lang/Object;[Ljava/lang/Object;)Ljava/lang/Object;+55 java.base@21
j  jdk.internal.reflect.DirectMethodHandleAccessor.invoke(Ljava/lang/Object;[Ljava/lang/Object;)Ljava/lang/Object;+23 java.base@21
j  java.lang.reflect.Method.invoke(Ljava/lang/Object;[Ljava/lang/Object;)Ljava/lang/Object;+102 java.base@21
j  net.bytebuddy.agent.Attacher.install(Ljava/lang/Class;Ljava/lang/String;Ljava/lang/String;ZLjava/lang/String;)V+24
j  net.bytebuddy.agent.Attacher.main([Ljava/lang/String;)V+86
v  ~StubRoutines::call_stub 0x000001dc8f8c100d

---------------  P R O C E S S  ---------------

Threads class SMR info:
_java_thread_list=0x000001dc97a0d810, length=11, elements={
0x000001dcfae332f0, 0x000001dc9776c520, 0x000001dc97771450, 0x000001dc97776bc0,
0x000001dc97777f70, 0x000001dc97777250, 0x000001dc97776530, 0x000001dc977844f0,
0x000001dc97785a90, 0x000001dc97775ea0, 0x000001dc977778e0
}

Java Threads: ( => current thread )
=>0x000001dcfae332f0 JavaThread "main"                              [_thread_in_vm, id=16272, stack(0x0000001a47e00000,0x0000001a47f00000) (1024K)]
  0x000001dc9776c520 JavaThread "Reference Handler"          daemon [_thread_blocked, id=11768, stack(0x0000001a48600000,0x0000001a48700000) (1024K)]
  0x000001dc97771450 JavaThread "Finalizer"                  daemon [_thread_blocked, id=11780, stack(0x0000001a48700000,0x0000001a48800000) (1024K)]
  0x000001dc97776bc0 JavaThread "Signal Dispatcher"          daemon [_thread_blocked, id=304, stack(0x0000001a48800000,0x0000001a48900000) (1024K)]
  0x000001dc97777f70 JavaThread "Attach Listener"            daemon [_thread_blocked, id=17224, stack(0x0000001a48900000,0x0000001a48a00000) (1024K)]
  0x000001dc97777250 JavaThread "Service Thread"             daemon [_thread_blocked, id=10236, stack(0x0000001a48a00000,0x0000001a48b00000) (1024K)]
  0x000001dc97776530 JavaThread "Monitor Deflation Thread"   daemon [_thread_blocked, id=10724, stack(0x0000001a48b00000,0x0000001a48c00000) (1024K)]
  0x000001dc977844f0 JavaThread "C2 CompilerThread0"         daemon [_thread_blocked, id=4336, stack(0x0000001a48c00000,0x0000001a48d00000) (1024K)]
  0x000001dc97785a90 JavaThread "C1 CompilerThread0"         daemon [_thread_blocked, id=12112, stack(0x0000001a48d00000,0x0000001a48e00000) (1024K)]
  0x000001dc97775ea0 JavaThread "Notification Thread"        daemon [_thread_blocked, id=4588, stack(0x0000001a48e00000,0x0000001a48f00000) (1024K)]
  0x000001dc977778e0 JavaThread "Common-Cleaner"             daemon [_thread_blocked, id=15752, stack(0x0000001a48f00000,0x0000001a49000000) (1024K)]
Total: 11

Other Threads:
  0x000001dc97750840 VMThread "VM Thread"                           [id=6656, stack(0x0000001a48500000,0x0000001a48600000) (1024K)]
  0x000001dc97736f50 WatcherThread "VM Periodic Task Thread"        [id=11220, stack(0x0000001a48400000,0x0000001a48500000) (1024K)]
  0x000001dcfae854b0 WorkerThread "GC Thread#0"                     [id=16660, stack(0x0000001a47f00000,0x0000001a48000000) (1024K)]
  0x000001dcfae96100 ConcurrentGCThread "G1 Main Marker"            [id=11744, stack(0x0000001a48000000,0x0000001a48100000) (1024K)]
  0x000001dcfae973a0 WorkerThread "G1 Conc#0"                       [id=15996, stack(0x0000001a48100000,0x0000001a48200000) (1024K)]
  0x000001dc9760cdb0 ConcurrentGCThread "G1 Refine#0"               [id=16720, stack(0x0000001a48200000,0x0000001a48300000) (1024K)]
  0x000001dc9760d5d0 ConcurrentGCThread "G1 Service"                [id=14832, stack(0x0000001a48300000,0x0000001a48400000) (1024K)]
Total: 7

Threads with active compile tasks:
Total: 0

VM state: not at safepoint (normal execution)

VM Mutex/Monitor currently owned by a thread:  ([mutex/lock_event])
[0x00007ffc265164c8] Metaspace_lock - owner thread: 0x000001dcfae332f0

Heap address: 0x0000000082a00000, size: 2006 MB, Compressed Oops mode: 32-bit

CDS archive(s) mapped at: [0x000001dc98000000-0x000001dc98c90000-0x000001dc98c90000), size 13172736, SharedBaseAddress: 0x000001dc98000000, ArchiveRelocationMode: 1.
Compressed class space mapped at: 0x000001dc99000000-0x000001dcd9000000, reserved size: 1073741824
Narrow klass base: 0x000001dc98000000, Narrow klass shift: 0, Narrow klass range: 0x100000000

GC Precious Log:
 CardTable entry size: 512
 Card Set container configuration: InlinePtr #cards 5 size 8 Array Of Cards #cards 12 size 40 Howl #buckets 4 coarsen threshold 1843 Howl Bitmap #cards 512 size 80 coarsen threshold 460 Card regions per heap region 1 cards per card region 2048
 CPUs: 8 total, 8 available
 Memory: 8023M
 Large Page Support: Disabled
 NUMA Support: Disabled
 Compressed Oops: Enabled (32-bit)
 Heap Region Size: 1M
 Heap Min Capacity: 8M
 Heap Initial Capacity: 126M
 Heap Max Capacity: 2006M
 Pre-touch: Disabled
 Parallel Workers: 8
 Concurrent Workers: 2
 Concurrent Refinement Workers: 8
 Periodic GC: Disabled

Heap:
 garbage-first heap   total 129024K, used 2048K [0x0000000082a00000, 0x0000000100000000)
  region size 1024K, 3 young (3072K), 0 survivors (0K)
 Metaspace       used 606K, committed 768K, reserved 1114112K
  class space    used 59K, committed 128K, reserved 1048576K

Heap Regions: E=young(eden), S=young(survivor), O=old, HS=humongous(starts), HC=humongous(continues), CS=collection set, F=free, TAMS=top-at-mark-start, PB=parsable bottom
|   0|0x0000000082a00000, 0x0000000082a00000, 0x0000000082b00000|  0%| F|  |TAMS 0x0000000082a00000| PB 0x0000000082a00000| Untracked 
|   1|0x0000000082b00000, 0x0000000082b00000, 0x0000000082c00000|  0%| F|  |TAMS 0x0000000082b00000| PB 0x0000000082b00000| Untracked 
|   2|0x0000000082c00000, 0x0000000082c00000, 0x0000000082d00000|  0%| F|  |TAMS 0x0000000082c00000| PB 0x0000000082c00000| Untracked 
|   3|0x0000000082d00000, 0x0000000082d00000, 0x0000000082e00000|  0%| F|  |TAMS 0x0000000082d00000| PB 0x0000000082d00000| Untracked 
|   4|0x0000000082e00000, 0x0000000082e00000, 0x0000000082f00000|  0%| F|  |TAMS 0x0000000082e00000| PB 0x0000000082e00000| Untracked 
|   5|0x0000000082f00000, 0x0000000082f00000, 0x0000000083000000|  0%| F|  |TAMS 0x0000000082f00000| PB 0x0000000082f00000| Untracked 
|   6|0x0000000083000000, 0x0000000083000000, 0x0000000083100000|  0%| F|  |TAMS 0x0000000083000000| PB 0x0000000083000000| Untracked 
|   7|0x0000000083100000, 0x0000000083100000, 0x0000000083200000|  0%| F|  |TAMS 0x0000000083100000| PB 0x0000000083100000| Untracked 
|   8|0x0000000083200000, 0x0000000083200000, 0x0000000083300000|  0%| F|  |TAMS 0x0000000083200000| PB 0x0000000083200000| Untracked 
|   9|0x0000000083300000, 0x0000000083300000, 0x0000000083400000|  0%| F|  |TAMS 0x0000000083300000| PB 0x0000000083300000| Untracked 
|  10|0x0000000083400000, 0x0000000083400000, 0x0000000083500000|  0%| F|  |TAMS 0x0000000083400000| PB 0x0000000083400000| Untracked 
|  11|0x0000000083500000, 0x0000000083500000, 0x0000000083600000|  0%| F|  |TAMS 0x0000000083500000| PB 0x0000000083500000| Untracked 
|  12|0x0000000083600000, 0x0000000083600000, 0x0000000083700000|  0%| F|  |TAMS 0x0000000083600000| PB 0x0000000083600000| Untracked 
|  13|0x0000000083700000, 0x0000000083700000, 0x0000000083800000|  0%| F|  |TAMS 0x0000000083700000| PB 0x0000000083700000| Untracked 
|  14|0x0000000083800000, 0x0000000083800000, 0x0000000083900000|  0%| F|  |TAMS 0x0000000083800000| PB 0x0000000083800000| Untracked 
|  15|0x0000000083900000, 0x0000000083900000, 0x0000000083a00000|  0%| F|  |TAMS 0x0000000083900000| PB 0x0000000083900000| Untracked 
|  16|0x0000000083a00000, 0x0000000083a00000, 0x0000000083b00000|  0%| F|  |TAMS 0x0000000083a00000| PB 0x0000000083a00000| Untracked 
|  17|0x0000000083b00000, 0x0000000083b00000, 0x0000000083c00000|  0%| F|  |TAMS 0x0000000083b00000| PB 0x0000000083b00000| Untracked 
|  18|0x0000000083c00000, 0x0000000083c00000, 0x0000000083d00000|  0%| F|  |TAMS 0x0000000083c00000| PB 0x0000000083c00000| Untracked 
|  19|0x0000000083d00000, 0x0000000083d00000, 0x0000000083e00000|  0%| F|  |TAMS 0x0000000083d00000| PB 0x0000000083d00000| Untracked 
|  20|0x0000000083e00000, 0x0000000083e00000, 0x0000000083f00000|  0%| F|  |TAMS 0x0000000083e00000| PB 0x0000000083e00000| Untracked 
|  21|0x0000000083f00000, 0x0000000083f00000, 0x0000000084000000|  0%| F|  |TAMS 0x0000000083f00000| PB 0x0000000083f00000| Untracked 
|  22|0x0000000084000000, 0x0000000084000000, 0x0000000084100000|  0%| F|  |TAMS 0x0000000084000000| PB 0x0000000084000000| Untracked 
|  23|0x0000000084100000, 0x0000000084100000, 0x0000000084200000|  0%| F|  |TAMS 0x0000000084100000| PB 0x0000000084100000| Untracked 
|  24|0x0000000084200000, 0x0000000084200000, 0x0000000084300000|  0%| F|  |TAMS 0x0000000084200000| PB 0x0000000084200000| Untracked 
|  25|0x0000000084300000, 0x0000000084300000, 0x0000000084400000|  0%| F|  |TAMS 0x0000000084300000| PB 0x0000000084300000| Untracked 
|  26|0x0000000084400000, 0x0000000084400000, 0x0000000084500000|  0%| F|  |TAMS 0x0000000084400000| PB 0x0000000084400000| Untracked 
|  27|0x0000000084500000, 0x0000000084500000, 0x0000000084600000|  0%| F|  |TAMS 0x0000000084500000| PB 0x0000000084500000| Untracked 
|  28|0x0000000084600000, 0x0000000084600000, 0x0000000084700000|  0%| F|  |TAMS 0x0000000084600000| PB 0x0000000084600000| Untracked 
|  29|0x0000000084700000, 0x0000000084700000, 0x0000000084800000|  0%| F|  |TAMS 0x0000000084700000| PB 0x0000000084700000| Untracked 
|  30|0x0000000084800000, 0x0000000084800000, 0x0000000084900000|  0%| F|  |TAMS 0x0000000084800000| PB 0x0000000084800000| Untracked 
|  31|0x0000000084900000, 0x0000000084900000, 0x0000000084a00000|  0%| F|  |TAMS 0x0000000084900000| PB 0x0000000084900000| Untracked 
|  32|0x0000000084a00000, 0x0000000084a00000, 0x0000000084b00000|  0%| F|  |TAMS 0x0000000084a00000| PB 0x0000000084a00000| Untracked 
|  33|0x0000000084b00000, 0x0000000084b00000, 0x0000000084c00000|  0%| F|  |TAMS 0x0000000084b00000| PB 0x0000000084b00000| Untracked 
|  34|0x0000000084c00000, 0x0000000084c00000, 0x0000000084d00000|  0%| F|  |TAMS 0x0000000084c00000| PB 0x0000000084c00000| Untracked 
|  35|0x0000000084d00000, 0x0000000084d00000, 0x0000000084e00000|  0%| F|  |TAMS 0x0000000084d00000| PB 0x0000000084d00000| Untracked 
|  36|0x0000000084e00000, 0x0000000084e00000, 0x0000000084f00000|  0%| F|  |TAMS 0x0000000084e00000| PB 0x0000000084e00000| Untracked 
|  37|0x0000000084f00000, 0x0000000084f00000, 0x0000000085000000|  0%| F|  |TAMS 0x0000000084f00000| PB 0x0000000084f00000| Untracked 
|  38|0x0000000085000000, 0x0000000085000000, 0x0000000085100000|  0%| F|  |TAMS 0x0000000085000000| PB 0x0000000085000000| Untracked 
|  39|0x0000000085100000, 0x0000000085100000, 0x0000000085200000|  0%| F|  |TAMS 0x0000000085100000| PB 0x0000000085100000| Untracked 
|  40|0x0000000085200000, 0x0000000085200000, 0x0000000085300000|  0%| F|  |TAMS 0x0000000085200000| PB 0x0000000085200000| Untracked 
|  41|0x0000000085300000, 0x0000000085300000, 0x0000000085400000|  0%| F|  |TAMS 0x0000000085300000| PB 0x0000000085300000| Untracked 
|  42|0x0000000085400000, 0x0000000085400000, 0x0000000085500000|  0%| F|  |TAMS 0x0000000085400000| PB 0x0000000085400000| Untracked 
|  43|0x0000000085500000, 0x0000000085500000, 0x0000000085600000|  0%| F|  |TAMS 0x0000000085500000| PB 0x0000000085500000| Untracked 
|  44|0x0000000085600000, 0x0000000085600000, 0x0000000085700000|  0%| F|  |TAMS 0x0000000085600000| PB 0x0000000085600000| Untracked 
|  45|0x0000000085700000, 0x0000000085700000, 0x0000000085800000|  0%| F|  |TAMS 0x0000000085700000| PB 0x0000000085700000| Untracked 
|  46|0x0000000085800000, 0x0000000085800000, 0x0000000085900000|  0%| F|  |TAMS 0x0000000085800000| PB 0x0000000085800000| Untracked 
|  47|0x0000000085900000, 0x0000000085900000, 0x0000000085a00000|  0%| F|  |TAMS 0x0000000085900000| PB 0x0000000085900000| Untracked 
|  48|0x0000000085a00000, 0x0000000085a00000, 0x0000000085b00000|  0%| F|  |TAMS 0x0000000085a00000| PB 0x0000000085a00000| Untracked 
|  49|0x0000000085b00000, 0x0000000085b00000, 0x0000000085c00000|  0%| F|  |TAMS 0x0000000085b00000| PB 0x0000000085b00000| Untracked 
|  50|0x0000000085c00000, 0x0000000085c00000, 0x0000000085d00000|  0%| F|  |TAMS 0x0000000085c00000| PB 0x0000000085c00000| Untracked 
|  51|0x0000000085d00000, 0x0000000085d00000, 0x0000000085e00000|  0%| F|  |TAMS 0x0000000085d00000| PB 0x0000000085d00000| Untracked 
|  52|0x0000000085e00000, 0x0000000085e00000, 0x0000000085f00000|  0%| F|  |TAMS 0x0000000085e00000| PB 0x0000000085e00000| Untracked 
|  53|0x0000000085f00000, 0x0000000085f00000, 0x0000000086000000|  0%| F|  |TAMS 0x0000000085f00000| PB 0x0000000085f00000| Untracked 
|  54|0x0000000086000000, 0x0000000086000000, 0x0000000086100000|  0%| F|  |TAMS 0x0000000086000000| PB 0x0000000086000000| Untracked 
|  55|0x0000000086100000, 0x0000000086100000, 0x0000000086200000|  0%| F|  |TAMS 0x0000000086100000| PB 0x0000000086100000| Untracked 
|  56|0x0000000086200000, 0x0000000086200000, 0x0000000086300000|  0%| F|  |TAMS 0x0000000086200000| PB 0x0000000086200000| Untracked 
|  57|0x0000000086300000, 0x0000000086300000, 0x0000000086400000|  0%| F|  |TAMS 0x0000000086300000| PB 0x0000000086300000| Untracked 
|  58|0x0000000086400000, 0x0000000086400000, 0x0000000086500000|  0%| F|  |TAMS 0x0000000086400000| PB 0x0000000086400000| Untracked 
|  59|0x0000000086500000, 0x0000000086500000, 0x0000000086600000|  0%| F|  |TAMS 0x0000000086500000| PB 0x0000000086500000| Untracked 
|  60|0x0000000086600000, 0x0000000086600000, 0x0000000086700000|  0%| F|  |TAMS 0x0000000086600000| PB 0x0000000086600000| Untracked 
|  61|0x0000000086700000, 0x0000000086700000, 0x0000000086800000|  0%| F|  |TAMS 0x0000000086700000| PB 0x0000000086700000| Untracked 
|  62|0x0000000086800000, 0x0000000086800000, 0x0000000086900000|  0%| F|  |TAMS 0x0000000086800000| PB 0x0000000086800000| Untracked 
|  63|0x0000000086900000, 0x0000000086900000, 0x0000000086a00000|  0%| F|  |TAMS 0x0000000086900000| PB 0x0000000086900000| Untracked 
|  64|0x0000000086a00000, 0x0000000086a00000, 0x0000000086b00000|  0%| F|  |TAMS 0x0000000086a00000| PB 0x0000000086a00000| Untracked 
|  65|0x0000000086b00000, 0x0000000086b00000, 0x0000000086c00000|  0%| F|  |TAMS 0x0000000086b00000| PB 0x0000000086b00000| Untracked 
|  66|0x0000000086c00000, 0x0000000086c00000, 0x0000000086d00000|  0%| F|  |TAMS 0x0000000086c00000| PB 0x0000000086c00000| Untracked 
|  67|0x0000000086d00000, 0x0000000086d00000, 0x0000000086e00000|  0%| F|  |TAMS 0x0000000086d00000| PB 0x0000000086d00000| Untracked 
|  68|0x0000000086e00000, 0x0000000086e00000, 0x0000000086f00000|  0%| F|  |TAMS 0x0000000086e00000| PB 0x0000000086e00000| Untracked 
|  69|0x0000000086f00000, 0x0000000086f00000, 0x0000000087000000|  0%| F|  |TAMS 0x0000000086f00000| PB 0x0000000086f00000| Untracked 
|  70|0x0000000087000000, 0x0000000087000000, 0x0000000087100000|  0%| F|  |TAMS 0x0000000087000000| PB 0x0000000087000000| Untracked 
|  71|0x0000000087100000, 0x0000000087100000, 0x0000000087200000|  0%| F|  |TAMS 0x0000000087100000| PB 0x0000000087100000| Untracked 
|  72|0x0000000087200000, 0x0000000087200000, 0x0000000087300000|  0%| F|  |TAMS 0x0000000087200000| PB 0x0000000087200000| Untracked 
|  73|0x0000000087300000, 0x0000000087300000, 0x0000000087400000|  0%| F|  |TAMS 0x0000000087300000| PB 0x0000000087300000| Untracked 
|  74|0x0000000087400000, 0x0000000087400000, 0x0000000087500000|  0%| F|  |TAMS 0x0000000087400000| PB 0x0000000087400000| Untracked 
|  75|0x0000000087500000, 0x0000000087500000, 0x0000000087600000|  0%| F|  |TAMS 0x0000000087500000| PB 0x0000000087500000| Untracked 
|  76|0x0000000087600000, 0x0000000087600000, 0x0000000087700000|  0%| F|  |TAMS 0x0000000087600000| PB 0x0000000087600000| Untracked 
|  77|0x0000000087700000, 0x0000000087700000, 0x0000000087800000|  0%| F|  |TAMS 0x0000000087700000| PB 0x0000000087700000| Untracked 
|  78|0x0000000087800000, 0x0000000087800000, 0x0000000087900000|  0%| F|  |TAMS 0x0000000087800000| PB 0x0000000087800000| Untracked 
|  79|0x0000000087900000, 0x0000000087900000, 0x0000000087a00000|  0%| F|  |TAMS 0x0000000087900000| PB 0x0000000087900000| Untracked 
|  80|0x0000000087a00000, 0x0000000087a00000, 0x0000000087b00000|  0%| F|  |TAMS 0x0000000087a00000| PB 0x0000000087a00000| Untracked 
|  81|0x0000000087b00000, 0x0000000087b00000, 0x0000000087c00000|  0%| F|  |TAMS 0x0000000087b00000| PB 0x0000000087b00000| Untracked 
|  82|0x0000000087c00000, 0x0000000087c00000, 0x0000000087d00000|  0%| F|  |TAMS 0x0000000087c00000| PB 0x0000000087c00000| Untracked 
|  83|0x0000000087d00000, 0x0000000087d00000, 0x0000000087e00000|  0%| F|  |TAMS 0x0000000087d00000| PB 0x0000000087d00000| Untracked 
|  84|0x0000000087e00000, 0x0000000087e00000, 0x0000000087f00000|  0%| F|  |TAMS 0x0000000087e00000| PB 0x0000000087e00000| Untracked 
|  85|0x0000000087f00000, 0x0000000087f00000, 0x0000000088000000|  0%| F|  |TAMS 0x0000000087f00000| PB 0x0000000087f00000| Untracked 
|  86|0x0000000088000000, 0x0000000088000000, 0x0000000088100000|  0%| F|  |TAMS 0x0000000088000000| PB 0x0000000088000000| Untracked 
|  87|0x0000000088100000, 0x0000000088100000, 0x0000000088200000|  0%| F|  |TAMS 0x0000000088100000| PB 0x0000000088100000| Untracked 
|  88|0x0000000088200000, 0x0000000088200000, 0x0000000088300000|  0%| F|  |TAMS 0x0000000088200000| PB 0x0000000088200000| Untracked 
|  89|0x0000000088300000, 0x0000000088300000, 0x0000000088400000|  0%| F|  |TAMS 0x0000000088300000| PB 0x0000000088300000| Untracked 
|  90|0x0000000088400000, 0x0000000088400000, 0x0000000088500000|  0%| F|  |TAMS 0x0000000088400000| PB 0x0000000088400000| Untracked 
|  91|0x0000000088500000, 0x0000000088500000, 0x0000000088600000|  0%| F|  |TAMS 0x0000000088500000| PB 0x0000000088500000| Untracked 
|  92|0x0000000088600000, 0x0000000088600000, 0x0000000088700000|  0%| F|  |TAMS 0x0000000088600000| PB 0x0000000088600000| Untracked 
|  93|0x0000000088700000, 0x0000000088700000, 0x0000000088800000|  0%| F|  |TAMS 0x0000000088700000| PB 0x0000000088700000| Untracked 
|  94|0x0000000088800000, 0x0000000088800000, 0x0000000088900000|  0%| F|  |TAMS 0x0000000088800000| PB 0x0000000088800000| Untracked 
|  95|0x0000000088900000, 0x0000000088900000, 0x0000000088a00000|  0%| F|  |TAMS 0x0000000088900000| PB 0x0000000088900000| Untracked 
|  96|0x0000000088a00000, 0x0000000088a00000, 0x0000000088b00000|  0%| F|  |TAMS 0x0000000088a00000| PB 0x0000000088a00000| Untracked 
|  97|0x0000000088b00000, 0x0000000088b00000, 0x0000000088c00000|  0%| F|  |TAMS 0x0000000088b00000| PB 0x0000000088b00000| Untracked 
|  98|0x0000000088c00000, 0x0000000088c00000, 0x0000000088d00000|  0%| F|  |TAMS 0x0000000088c00000| PB 0x0000000088c00000| Untracked 
|  99|0x0000000088d00000, 0x0000000088d00000, 0x0000000088e00000|  0%| F|  |TAMS 0x0000000088d00000| PB 0x0000000088d00000| Untracked 
| 100|0x0000000088e00000, 0x0000000088e00000, 0x0000000088f00000|  0%| F|  |TAMS 0x0000000088e00000| PB 0x0000000088e00000| Untracked 
| 101|0x0000000088f00000, 0x0000000088f00000, 0x0000000089000000|  0%| F|  |TAMS 0x0000000088f00000| PB 0x0000000088f00000| Untracked 
| 102|0x0000000089000000, 0x0000000089000000, 0x0000000089100000|  0%| F|  |TAMS 0x0000000089000000| PB 0x0000000089000000| Untracked 
| 103|0x0000000089100000, 0x0000000089100000, 0x0000000089200000|  0%| F|  |TAMS 0x0000000089100000| PB 0x0000000089100000| Untracked 
| 104|0x0000000089200000, 0x0000000089200000, 0x0000000089300000|  0%| F|  |TAMS 0x0000000089200000| PB 0x0000000089200000| Untracked 
| 105|0x0000000089300000, 0x0000000089300000, 0x0000000089400000|  0%| F|  |TAMS 0x0000000089300000| PB 0x0000000089300000| Untracked 
| 106|0x0000000089400000, 0x0000000089400000, 0x0000000089500000|  0%| F|  |TAMS 0x0000000089400000| PB 0x0000000089400000| Untracked 
| 107|0x0000000089500000, 0x0000000089500000, 0x0000000089600000|  0%| F|  |TAMS 0x0000000089500000| PB 0x0000000089500000| Untracked 
| 108|0x0000000089600000, 0x0000000089600000, 0x0000000089700000|  0%| F|  |TAMS 0x0000000089600000| PB 0x0000000089600000| Untracked 
| 109|0x0000000089700000, 0x0000000089700000, 0x0000000089800000|  0%| F|  |TAMS 0x0000000089700000| PB 0x0000000089700000| Untracked 
| 110|0x0000000089800000, 0x0000000089800000, 0x0000000089900000|  0%| F|  |TAMS 0x0000000089800000| PB 0x0000000089800000| Untracked 
| 111|0x0000000089900000, 0x0000000089900000, 0x0000000089a00000|  0%| F|  |TAMS 0x0000000089900000| PB 0x0000000089900000| Untracked 
| 112|0x0000000089a00000, 0x0000000089a00000, 0x0000000089b00000|  0%| F|  |TAMS 0x0000000089a00000| PB 0x0000000089a00000| Untracked 
| 113|0x0000000089b00000, 0x0000000089b00000, 0x0000000089c00000|  0%| F|  |TAMS 0x0000000089b00000| PB 0x0000000089b00000| Untracked 
| 114|0x0000000089c00000, 0x0000000089c00000, 0x0000000089d00000|  0%| F|  |TAMS 0x0000000089c00000| PB 0x0000000089c00000| Untracked 
| 115|0x0000000089d00000, 0x0000000089d00000, 0x0000000089e00000|  0%| F|  |TAMS 0x0000000089d00000| PB 0x0000000089d00000| Untracked 
| 116|0x0000000089e00000, 0x0000000089e00000, 0x0000000089f00000|  0%| F|  |TAMS 0x0000000089e00000| PB 0x0000000089e00000| Untracked 
| 117|0x0000000089f00000, 0x0000000089f00000, 0x000000008a000000|  0%| F|  |TAMS 0x0000000089f00000| PB 0x0000000089f00000| Untracked 
| 118|0x000000008a000000, 0x000000008a000000, 0x000000008a100000|  0%| F|  |TAMS 0x000000008a000000| PB 0x000000008a000000| Untracked 
| 119|0x000000008a100000, 0x000000008a100000, 0x000000008a200000|  0%| F|  |TAMS 0x000000008a100000| PB 0x000000008a100000| Untracked 
| 120|0x000000008a200000, 0x000000008a200000, 0x000000008a300000|  0%| F|  |TAMS 0x000000008a200000| PB 0x000000008a200000| Untracked 
| 121|0x000000008a300000, 0x000000008a300000, 0x000000008a400000|  0%| F|  |TAMS 0x000000008a300000| PB 0x000000008a300000| Untracked 
| 122|0x000000008a400000, 0x000000008a400000, 0x000000008a500000|  0%| F|  |TAMS 0x000000008a400000| PB 0x000000008a400000| Untracked 
| 123|0x000000008a500000, 0x000000008a576838, 0x000000008a600000| 46%| E|  |TAMS 0x000000008a500000| PB 0x000000008a500000| Complete 
| 124|0x000000008a600000, 0x000000008a700000, 0x000000008a700000|100%| E|CS|TAMS 0x000000008a600000| PB 0x000000008a600000| Complete 
| 125|0x000000008a700000, 0x000000008a800000, 0x000000008a800000|100%| E|CS|TAMS 0x000000008a700000| PB 0x000000008a700000| Complete 

Card table byte_map: [0x000001dcfb620000,0x000001dcfba10000] _byte_map_base: 0x000001dcfb20b000

Marking Bits: (CMBitMap*) 0x000001dcfae85bb0
 Bits: [0x000001dcfba10000, 0x000001dcfd968000)

Polling page: 0x000001dcf8d80000

Metaspace:

Usage:
  Non-class:    547.23 KB used.
      Class:     59.24 KB used.
       Both:    606.48 KB used.

Virtual space:
  Non-class space:       64.00 MB reserved,     640.00 KB ( <1%) committed,  1 nodes.
      Class space:        1.00 GB reserved,     128.00 KB ( <1%) committed,  1 nodes.
             Both:        1.06 GB reserved,     768.00 KB ( <1%) committed. 

Chunk freelists:
   Non-Class:  11.79 MB
       Class:  15.69 MB
        Both:  27.48 MB

MaxMetaspaceSize: unlimited
CompressedClassSpaceSize: 1.00 GB
Initial GC threshold: 21.00 MB
Current GC threshold: 21.00 MB
CDS: on
 - commit_granule_bytes: 65536.
 - commit_granule_words: 8192.
 - virtual_space_node_default_size: 8388608.
 - enlarge_chunks_in_place: 1.
 - use_allocation_guard: 0.


Internal statistics:

num_allocs_failed_limit: 0.
num_arena_births: 46.
num_arena_deaths: 0.
num_vsnodes_births: 2.
num_vsnodes_deaths: 0.
num_space_committed: 12.
num_space_uncommitted: 0.
num_chunks_returned_to_freelist: 0.
num_chunks_taken_from_freelist: 64.
num_chunk_merges: 0.
num_chunk_splits: 41.
num_chunks_enlarged: 22.
num_inconsistent_stats: 0.

CodeHeap 'non-profiled nmethods': size=120000Kb used=79Kb max_used=79Kb free=119920Kb
 bounds [0x000001dc8fe60000, 0x000001dc900d0000, 0x000001dc97390000]
CodeHeap 'profiled nmethods': size=120000Kb used=300Kb max_used=300Kb free=119699Kb
 bounds [0x000001dc88390000, 0x000001dc88600000, 0x000001dc8f8c0000]
CodeHeap 'non-nmethods': size=5760Kb used=1285Kb max_used=1299Kb free=4474Kb
 bounds [0x000001dc8f8c0000, 0x000001dc8fb30000, 0x000001dc8fe60000]
 total_blobs=639 nmethods=237 adapters=307
 compilation: enabled
              stopped_count=0, restarted_count=0
 full_count=0

Compilation events (20 events):
Event: 0.186 Thread 0x000001dc97785a90  227       3       java.lang.invoke.LambdaForm::parameterType (9 bytes)
Event: 0.187 Thread 0x000001dc97785a90 nmethod 227 0x000001dc883d7510 code [0x000001dc883d76c0, 0x000001dc883d7820]
Event: 0.187 Thread 0x000001dc97785a90  228       1       java.lang.invoke.LambdaForm$Name::type (5 bytes)
Event: 0.187 Thread 0x000001dc97785a90 nmethod 228 0x000001dc8fe73110 code [0x000001dc8fe732a0, 0x000001dc8fe73368]
Event: 0.187 Thread 0x000001dc97785a90  229       3       jdk.internal.org.objectweb.asm.Frame::push (109 bytes)
Event: 0.187 Thread 0x000001dc97785a90 nmethod 229 0x000001dc883d7910 code [0x000001dc883d7ae0, 0x000001dc883d8060]
Event: 0.188 Thread 0x000001dc977844f0  230       4       jdk.internal.org.objectweb.asm.SymbolTable::get (13 bytes)
Event: 0.189 Thread 0x000001dc977844f0 nmethod 230 0x000001dc8fe73410 code [0x000001dc8fe735a0, 0x000001dc8fe736a0]
Event: 0.189 Thread 0x000001dc977844f0  231       4       java.lang.String::length (11 bytes)
Event: 0.189 Thread 0x000001dc97785a90  232       3       java.lang.AbstractStringBuilder::<init> (39 bytes)
Event: 0.189 Thread 0x000001dc97785a90 nmethod 232 0x000001dc883d8210 code [0x000001dc883d83c0, 0x000001dc883d8648]
Event: 0.189 Thread 0x000001dc977844f0 nmethod 231 0x000001dc8fe73790 code [0x000001dc8fe73920, 0x000001dc8fe739d0]
Event: 0.189 Thread 0x000001dc97785a90  233       3       java.lang.StringLatin1::replace (198 bytes)
Event: 0.191 Thread 0x000001dc97785a90 nmethod 233 0x000001dc883d8710 code [0x000001dc883d89c0, 0x000001dc883d9830]
Event: 0.191 Thread 0x000001dc97785a90  235       3       java.util.Arrays::copyOf (33 bytes)
Event: 0.191 Thread 0x000001dc97785a90 nmethod 235 0x000001dc883d9d10 code [0x000001dc883d9f00, 0x000001dc883da400]
Event: 0.191 Thread 0x000001dc97785a90  234       3       java.lang.StringBuilder::<init> (7 bytes)
Event: 0.191 Thread 0x000001dc97785a90 nmethod 234 0x000001dc883da590 code [0x000001dc883da740, 0x000001dc883da888]
Event: 0.191 Thread 0x000001dc97785a90  236       3       java.lang.AbstractStringBuilder::newCapacity (59 bytes)
Event: 0.192 Thread 0x000001dc97785a90 nmethod 236 0x000001dc883da910 code [0x000001dc883daae0, 0x000001dc883daed0]

GC Heap History (0 events):
No events

Dll operation events (8 events):
Event: 0.012 Loaded shared library C:\Program Files\Java\jdk-21\bin\java.dll
Event: 0.086 Loaded shared library C:\Program Files\Java\jdk-21\bin\jsvml.dll
Event: 0.106 Loaded shared library C:\Program Files\Java\jdk-21\bin\net.dll
Event: 0.108 Loaded shared library C:\Program Files\Java\jdk-21\bin\nio.dll
Event: 0.112 Loaded shared library C:\Program Files\Java\jdk-21\bin\zip.dll
Event: 0.117 Loaded shared library C:\Program Files\Java\jdk-21\bin\verify.dll
Event: 0.119 Loaded shared library C:\Program Files\Java\jdk-21\bin\jimage.dll
Event: 0.142 Loaded shared library C:\Program Files\Java\jdk-21\bin\attach.dll

Deoptimization events (0 events):
No events

Classes loaded (20 events):
Event: 0.157 Loading class java/util/regex/Pattern$BnM
Event: 0.157 Loading class java/util/regex/Pattern$BnM done
Event: 0.157 Loading class java/util/regex/Pattern$SliceS
Event: 0.157 Loading class java/util/regex/Pattern$SliceS done
Event: 0.161 Loading class java/lang/IllegalAccessException
Event: 0.161 Loading class java/lang/IllegalAccessException done
Event: 0.161 Loading class java/lang/InstantiationException
Event: 0.161 Loading class java/lang/InstantiationException done
Event: 0.161 Loading class java/lang/reflect/InvocationTargetException
Event: 0.161 Loading class java/lang/reflect/InvocationTargetException done
Event: 0.164 Loading class jdk/internal/perf/Perf$CleanerAction
Event: 0.165 Loading class jdk/internal/perf/Perf$CleanerAction done
Event: 0.183 Loading class java/net/MalformedURLException
Event: 0.183 Loading class java/net/MalformedURLException done
Event: 0.183 Loading class java/lang/InterruptedException
Event: 0.183 Loading class java/lang/InterruptedException done
Event: 0.186 Loading class sun/invoke/util/ValueConversions$1
Event: 0.186 Loading class sun/invoke/util/ValueConversions$1 done
Event: 0.187 Loading class java/lang/invoke/BoundMethodHandle$Species_LI
Event: 0.187 Loading class java/lang/invoke/BoundMethodHandle$Species_LI done

Classes unloaded (0 events):
No events

Classes redefined (0 events):
No events

Internal exceptions (3 events):
Event: 0.185 Thread 0x000001dcfae332f0 Exception <a 'java/lang/NoSuchMethodError'{0x000000008a5322b0}: 'java.lang.Object java.lang.invoke.DirectMethodHandle$Holder.newInvokeSpecial(java.lang.Object, java.lang.Object, int)'> (0x000000008a5322b0) 
thrown [s\open\src\hotspot\share\interpreter\linkResolver.cpp, line 773]
Event: 0.187 Thread 0x000001dcfae332f0 Exception <a 'java/lang/NoSuchMethodError'{0x000000008a536bf8}: 'int java.lang.invoke.DirectMethodHandle$Holder.invokeSpecial(java.lang.Object, java.lang.Object, java.lang.Object, int)'> (0x000000008a536bf8) 
thrown [s\open\src\hotspot\share\interpreter\linkResolver.cpp, line 773]
Event: 0.191 Thread 0x000001dcfae332f0 Exception <a 'java/lang/NoSuchMethodError'{0x000000008a5492d8}: 'java.lang.Object java.lang.invoke.DirectMethodHandle$Holder.invokeStatic(java.lang.Object, java.lang.Object, java.lang.Object, java.lang.Object, int)'> (0x000000008a5492d8) 
thrown [s\open\src\hotspot\share\interpreter\linkResolver.cpp, line 773]

ZGC Phase Switch (0 events):
No events

VM Operations (2 events):
Event: 0.113 Executing VM operation: HandshakeAllThreads (Deoptimize)
Event: 0.113 Executing VM operation: HandshakeAllThreads (Deoptimize) done

Events (11 events):
Event: 0.068 Thread 0x000001dcfae332f0 Thread added: 0x000001dcfae332f0
Event: 0.083 Thread 0x000001dc9776c520 Thread added: 0x000001dc9776c520
Event: 0.084 Thread 0x000001dc97771450 Thread added: 0x000001dc97771450
Event: 0.084 Thread 0x000001dc97776bc0 Thread added: 0x000001dc97776bc0
Event: 0.084 Thread 0x000001dc97777f70 Thread added: 0x000001dc97777f70
Event: 0.084 Thread 0x000001dc97777250 Thread added: 0x000001dc97777250
Event: 0.084 Thread 0x000001dc97776530 Thread added: 0x000001dc97776530
Event: 0.084 Thread 0x000001dc977844f0 Thread added: 0x000001dc977844f0
Event: 0.084 Thread 0x000001dc97785a90 Thread added: 0x000001dc97785a90
Event: 0.101 Thread 0x000001dc97775ea0 Thread added: 0x000001dc97775ea0
Event: 0.102 Thread 0x000001dc977778e0 Thread added: 0x000001dc977778e0


Dynamic libraries:
0x00007ff7c0c60000 - 0x00007ff7c0c70000 	C:\Program Files\Java\jdk-21\bin\java.exe
0x00007ffcbdff0000 - 0x00007ffcbe207000 	C:\WINDOWS\SYSTEM32\ntdll.dll
0x00007ffcbc870000 - 0x00007ffcbc934000 	C:\WINDOWS\System32\KERNEL32.DLL
0x00007ffcbb5f0000 - 0x00007ffcbb995000 	C:\WINDOWS\System32\KERNELBASE.dll
0x00007ffcbb9a0000 - 0x00007ffcbbab1000 	C:\WINDOWS\System32\ucrtbase.dll
0x00007ffc8e7f0000 - 0x00007ffc8e80b000 	C:\Program Files\Java\jdk-21\bin\VCRUNTIME140.dll
0x00007ffc96920000 - 0x00007ffc96939000 	C:\Program Files\Java\jdk-21\bin\jli.dll
0x00007ffcbdb20000 - 0x00007ffcbdbd1000 	C:\WINDOWS\System32\ADVAPI32.dll
0x00007ffcbc0d0000 - 0x00007ffcbc177000 	C:\WINDOWS\System32\msvcrt.dll
0x00007ffcbc420000 - 0x00007ffcbc4c6000 	C:\WINDOWS\System32\sechost.dll
0x00007ffcbc750000 - 0x00007ffcbc867000 	C:\WINDOWS\System32\RPCRT4.dll
0x00007ffcbde00000 - 0x00007ffcbdfae000 	C:\WINDOWS\System32\USER32.dll
0x00007ffca4010000 - 0x00007ffca42a3000 	C:\WINDOWS\WinSxS\amd64_microsoft.windows.common-controls_6595b64144ccf1df_6.0.22621.2506_none_270c5ae97388e100\COMCTL32.dll
0x00007ffcbbac0000 - 0x00007ffcbbae6000 	C:\WINDOWS\System32\win32u.dll
0x00007ffcbbe20000 - 0x00007ffcbbe49000 	C:\WINDOWS\System32\GDI32.dll
0x00007ffcbb360000 - 0x00007ffcbb479000 	C:\WINDOWS\System32\gdi32full.dll
0x00007ffcbbb70000 - 0x00007ffcbbc0a000 	C:\WINDOWS\System32\msvcp_win.dll
0x00007ffcb3300000 - 0x00007ffcb330a000 	C:\WINDOWS\SYSTEM32\VERSION.dll
0x00007ffcbc950000 - 0x00007ffcbc981000 	C:\WINDOWS\System32\IMM32.DLL
0x00007ffc96910000 - 0x00007ffc9691c000 	C:\Program Files\Java\jdk-21\bin\vcruntime140_1.dll
0x00007ffc6fb40000 - 0x00007ffc6fbce000 	C:\Program Files\Java\jdk-21\bin\msvcp140.dll
0x00007ffc258e0000 - 0x00007ffc265f3000 	C:\Program Files\Java\jdk-21\bin\server\jvm.dll
0x00007ffcbc000000 - 0x00007ffcbc071000 	C:\WINDOWS\System32\WS2_32.dll
0x00007ffcba510000 - 0x00007ffcba55d000 	C:\WINDOWS\SYSTEM32\POWRPROF.dll
0x00007ffcb3db0000 - 0x00007ffcb3de4000 	C:\WINDOWS\SYSTEM32\WINMM.dll
0x00007ffcba4f0000 - 0x00007ffcba503000 	C:\WINDOWS\SYSTEM32\UMPDC.dll
0x00007ffcba320000 - 0x00007ffcba338000 	C:\WINDOWS\SYSTEM32\kernel.appcore.dll
0x00007ffc92930000 - 0x00007ffc9293a000 	C:\Program Files\Java\jdk-21\bin\jimage.dll
0x00007ffcb8420000 - 0x00007ffcb8653000 	C:\WINDOWS\SYSTEM32\DBGHELP.DLL
0x00007ffcbd1f0000 - 0x00007ffcbd579000 	C:\WINDOWS\System32\combase.dll
0x00007ffcbc4d0000 - 0x00007ffcbc5a7000 	C:\WINDOWS\System32\OLEAUT32.dll
0x00007ffc99900000 - 0x00007ffc99932000 	C:\WINDOWS\SYSTEM32\dbgcore.DLL
0x00007ffcbbaf0000 - 0x00007ffcbbb6a000 	C:\WINDOWS\System32\bcryptPrimitives.dll
0x00007ffc8e7d0000 - 0x00007ffc8e7ef000 	C:\Program Files\Java\jdk-21\bin\java.dll
0x00007ffcbc990000 - 0x00007ffcbd1e9000 	C:\WINDOWS\System32\SHELL32.dll
0x00007ffcb9230000 - 0x00007ffcb9b24000 	C:\WINDOWS\SYSTEM32\windows.storage.dll
0x00007ffcb90f0000 - 0x00007ffcb922e000 	C:\WINDOWS\SYSTEM32\wintypes.dll
0x00007ffcbd5a0000 - 0x00007ffcbd693000 	C:\WINDOWS\System32\SHCORE.dll
0x00007ffcbbe50000 - 0x00007ffcbbeae000 	C:\WINDOWS\System32\shlwapi.dll
0x00007ffcbb290000 - 0x00007ffcbb2b6000 	C:\WINDOWS\SYSTEM32\profapi.dll
0x00007ffc6dcd0000 - 0x00007ffc6dda7000 	C:\Program Files\Java\jdk-21\bin\jsvml.dll
0x00007ffc928c0000 - 0x00007ffc928d0000 	C:\Program Files\Java\jdk-21\bin\net.dll
0x00007ffcb53f0000 - 0x00007ffcb5527000 	C:\WINDOWS\SYSTEM32\WINHTTP.dll
0x00007ffcba880000 - 0x00007ffcba8e9000 	C:\WINDOWS\system32\mswsock.dll
0x00007ffc7f650000 - 0x00007ffc7f666000 	C:\Program Files\Java\jdk-21\bin\nio.dll
0x00007ffc7e850000 - 0x00007ffc7e868000 	C:\Program Files\Java\jdk-21\bin\zip.dll
0x00007ffc8c240000 - 0x00007ffc8c250000 	C:\Program Files\Java\jdk-21\bin\verify.dll
0x00007ffcb8740000 - 0x00007ffcb8749000 	C:\Program Files\Java\jdk-21\bin\attach.dll
0x00007ffcbc940000 - 0x00007ffcbc948000 	C:\WINDOWS\System32\PSAPI.DLL

dbghelp: loaded successfully - version: 4.0.5 - missing functions: none
symbol engine: initialized successfully - sym options: 0x614 - pdb path: .;C:\Program Files\Java\jdk-21\bin;C:\WINDOWS\SYSTEM32;C:\WINDOWS\WinSxS\amd64_microsoft.windows.common-controls_6595b64144ccf1df_6.0.22621.2506_none_270c5ae97388e100;C:\Program Files\Java\jdk-21\bin\server

VM Arguments:
jvm_args: -Dnet.bytebuddy.agent.attacher.dump= 
java_command: net.bytebuddy.agent.Attacher com.sun.tools.attach.VirtualMachine 13212 C:\Users\agues\.m2\repository\net\bytebuddy\byte-buddy-agent\1.14.4\byte-buddy-agent-1.14.4.jar false 
java_class_path (initial): C:\Users\agues\.m2\repository\net\bytebuddy\byte-buddy-agent\1.14.4\byte-buddy-agent-1.14.4.jar
Launcher Type: SUN_STANDARD

[Global flags]
     intx CICompilerCount                          = 4                                         {product} {ergonomic}
     uint ConcGCThreads                            = 2                                         {product} {ergonomic}
     uint G1ConcRefinementThreads                  = 8                                         {product} {ergonomic}
   size_t G1HeapRegionSize                         = 1048576                                   {product} {ergonomic}
    uintx GCDrainStackTargetSize                   = 64                                        {product} {ergonomic}
   size_t InitialHeapSize                          = 132120576                                 {product} {ergonomic}
   size_t MarkStackSize                            = 4194304                                   {product} {ergonomic}
   size_t MaxHeapSize                              = 2103443456                                {product} {ergonomic}
   size_t MaxNewSize                               = 1261436928                                {product} {ergonomic}
   size_t MinHeapDeltaBytes                        = 1048576                                   {product} {ergonomic}
   size_t MinHeapSize                              = 8388608                                   {product} {ergonomic}
    uintx NonNMethodCodeHeapSize                   = 5839372                                {pd product} {ergonomic}
    uintx NonProfiledCodeHeapSize                  = 122909434                              {pd product} {ergonomic}
    uintx ProfiledCodeHeapSize                     = 122909434                              {pd product} {ergonomic}
    uintx ReservedCodeCacheSize                    = 251658240                              {pd product} {ergonomic}
     bool SegmentedCodeCache                       = true                                      {product} {ergonomic}
   size_t SoftMaxHeapSize                          = 2103443456                             {manageable} {ergonomic}
     bool UseCompressedOops                        = true                           {product lp64_product} {ergonomic}
     bool UseG1GC                                  = true                                      {product} {ergonomic}
     bool UseLargePagesIndividualAllocation        = false                                  {pd product} {ergonomic}

Logging:
Log output configuration:
 #0: stdout all=warning uptime,level,tags foldmultilines=false
 #1: stderr all=off uptime,level,tags foldmultilines=false

Environment Variables:
PATH=C:\Program Files (x86)\VMware\VMware Workstation\bin\;C:\Program Files\Common Files\Oracle\Java\javapath;C:\Windows\system32;C:\Windows;C:\Windows\System32\Wbem;C:\Windows\System32\WindowsPowerShell\v1.0\;C:\Windows\System32\OpenSSH\;C:\Program Files\NVIDIA Corporation\NVIDIA NvDLISR;C:\Program Files (x86)\NVIDIA Corporation\PhysX\Common;C:\WINDOWS\system32;C:\WINDOWS;C:\WINDOWS\System32\Wbem;C:\WINDOWS\System32\WindowsPowerShell\v1.0\;C:\WINDOWS\System32\OpenSSH\;C:\Program Files\nodejs\;C:\Program Files\Git\cmd;C:\Users\agues\AppData\Local\Programs\Python\Python312\Scripts\;C:\Users\agues\AppData\Local\Programs\Python\Python312\;C:\Users\agues\AppData\Local\Programs\Python\Launcher\;C:\Users\agues\AppData\Local\Microsoft\WindowsApps;C:\Users\agues\AppData\Local\Programs\Microsoft VS Code\bin;C:\Program Files\JetBrains\IntelliJ IDEA 2023.2.2\bin;;C:\Dev\npm-repository\npm;C:\Users\agues\AppData\Roaming\npm
USERNAME=agues
OS=Windows_NT
PROCESSOR_IDENTIFIER=Intel64 Family 6 Model 165 Stepping 2, GenuineIntel
TMP=C:\Users\agues\AppData\Local\Temp
TEMP=C:\Users\agues\AppData\Local\Temp




---------------  S Y S T E M  ---------------

OS:
 Windows 11 , 64 bit Build 22621 (10.0.22621.2506)
OS uptime: 0 days 12:55 hours
Hyper-V role detected

CPU: total 8 (initial active 8) (4 cores per cpu, 2 threads per core) family 6 model 165 stepping 2 microcode 0xea, cx8, cmov, fxsr, ht, mmx, 3dnowpref, sse, sse2, sse3, ssse3, sse4.1, sse4.2, popcnt, lzcnt, tsc, tscinvbit, avx, avx2, aes, erms, clmul, bmi1, bmi2, adx, fma, vzeroupper, clflush, clflushopt, hv, rdtscp, f16c
Processor Information for all 8 processors :
  Max Mhz: 2496, Current Mhz: 2496, Mhz Limit: 2496

Memory: 4k page, system-wide physical 8023M (1337M free)
TotalPageFile size 12119M (AvailPageFile size 3M)
current process WorkingSet (physical memory assigned to process): 39M, peak: 39M
current process commit charge ("private bytes"): 208M, peak: 208M

vm_info: Java HotSpot(TM) 64-Bit Server VM (21+35-LTS-2513) for windows-amd64 JRE (21+35-LTS-2513), built on 2023-08-09T20:25:10Z by "mach5one" with MS VC++ 17.1 (VS2022)

END.
